2021-04-26 15:24:00,447 - c:\Users\NINGMEI\myprojectReview\requestPostIndexReview (optimal2).py[line:190] - ERROR: (2627, b"Violation of PRIMARY KEY constraint 'TbIndexReviewSpiderData_pk'. Cannot insert duplicate key in object 'dbo.TbIndexReviewSpiderData'. The duplicate key value is (R1MFLP0R7RQ1AW).DB-Lib error message 20018, severity 14:\nGeneral SQL Server error: Check messages from the SQL Server\n")
,错误所在行数183
,Sql:
INSERT INTO TbIndexReviewSpiderData ([ReviewId],[Site],[Asin],[CustomName],[ReviewStars],[ReviewTitle],[ReviewDate],[HelpfulNum],[ReviewText],[ReviewMedia],[CreateTime]) VALUES ('R1MFLP0R7RQ1AW','CA', 'B00B0O1CP2', 'Emmanuel', '4.0', 'Very nice case, fits perfectly','Reviewed in Canada on November 1, 2017','0', '
  Very nice case , fits perfectly.
', '', '2021-04-26 15:23:56'), ('R1N4OWR4OXGSJT','CA', 'B00B0O1CP2', 'Fasterfox', '2.0', 'Sorry bad it ahs a bad design','Reviewed in Canada on November 15, 2014','0', '
  Too heavy and the magnets on the cover were making irresponsive the touch screen, I had to make a hole a remove the magnets. Sorry bad it ahs a bad design
', '', '2021-04-26 15:23:56'), ('R3UU1TVO0Z7UXU','CA', 'B00B0O1CP2', 'yorkiemb', '4.0', 'cover fits great, just what i expected','Reviewed in Canada on June 20, 2014','0', '
  love the colour selection and gives more angle options than the built in stand. pen holder is great to have too.
', '', '2021-04-26 15:23:56'), ('R288W20JOLHIAZ','CA', 'B00B0O1CP2', 'Alchemist', '5.0', 'Awesome case','Reviewed in Canada on September 12, 2014','0', '
  Pretty amazing case which has an elegant design and protect the surface pro really well,,recommended product.
', '', '2021-04-26 15:23:56'), ('R23HISSZLV9JS','CA', 'B00B0O1CP2', 'Milan', '2.0', 'Broke Day one','Reviewed in Canada on January 24, 2014','0', '
  Putting the unit in, it ripped and I had to duct tape it. Nothing lined up for holes and the unit is cheap. Not worth the cost at all.
', '', '2021-04-26 15:23:56'), ('R2ID1515BO8O43','CA', 'B00B0O1CP2', 'David', '5.0', 'Nice quality product','Reviewed in Canada on October 20, 2017','0', '
  exactly what I wanted. Nice quality product.
', '', '2021-04-26 15:23:56'), ('R3CT69425IL1E3','CA', 'B00B0O1CP2', 'C.Boozan', '4.0', 'You definitely get your money\^s worth!','Reviewed in Canada on September 21, 2013','6', '
  I bought my sleeve/case about a month ago, and can definitely say that it\^s definitely worth the money to invest in the MoKo case/sleeve to protect your Surface Pro.', '', '2021-04-26 15:23:56'), ('R2CR6TICQX9KUY','CA', 'B00B0O1CP2', 'blue4life ', '5.0', 'fantastic case','Reviewed in Canada on February 18, 2014','1', '
  I finally found the perfect case for my surface pro. With the surface pro the kickstand has only one position, which is useless for anything other than watching a movie. This case has a few different \^positions making it very useful for typing emails, reviews, watching movies, and it sits on my lap perfectly. A couple of people complained of a lack of a pen holder?? I\^m looking at the pen holder right now. I don\^t know about the surface not working with a keyboard while in the case, I only use the virtual keyboard which is perfectly fine for me. The material is very durable and protects the tablet very well. I\^m very happy with my purchase, similar cases sell for over $100, I got this for $35.
', '', '2021-04-26 15:23:56')

,EndUpdateSql:
update TbIndexReviewSpiderTask set taskState='Success',SpiderTime='2021-04-26 15:24:00' where CASIN='B00B0O1CP2' and taskSite='CA'
+++++++++++++++++++++++++++++++++++++++++++++++++++++++++++
2021-04-26 15:24:03,281 - c:\Users\NINGMEI\myprojectReview\requestPostIndexReview (optimal2).py[line:190] - ERROR: (2627, b"Violation of PRIMARY KEY constraint 'TbIndexReviewSpiderData_pk'. Cannot insert duplicate key in object 'dbo.TbIndexReviewSpiderData'. The duplicate key value is (R27GOA0WFB1OXY).DB-Lib error message 20018, severity 14:\nGeneral SQL Server error: Check messages from the SQL Server\n")
,错误所在行数183
,Sql:
INSERT INTO TbIndexReviewSpiderData ([ReviewId],[Site],[Asin],[CustomName],[ReviewStars],[ReviewTitle],[ReviewDate],[HelpfulNum],[ReviewText],[ReviewMedia],[CreateTime]) VALUES ('R27GOA0WFB1OXY','CA', 'B0895Q3SBB', 'Daniel Roy', '5.0', 'Super','Reviewed in Canada on November 16, 2020','0', '
  De bonne qualité et correspond a la description
', '', '2021-04-26 15:23:56')

,EndUpdateSql:
update TbIndexReviewSpiderTask set taskState='Success',SpiderTime='2021-04-26 15:24:03' where CASIN='B0895Q3SBB' and taskSite='CA'
+++++++++++++++++++++++++++++++++++++++++++++++++++++++++++
2021-04-26 15:24:08,318 - c:\Users\NINGMEI\myprojectReview\requestPostIndexReview (optimal2).py[line:190] - ERROR: (2627, b"Violation of PRIMARY KEY constraint 'TbIndexReviewSpiderData_pk'. Cannot insert duplicate key in object 'dbo.TbIndexReviewSpiderData'. The duplicate key value is (R1HTZTM7TE7XQD).DB-Lib error message 20018, severity 14:\nGeneral SQL Server error: Check messages from the SQL Server\n")
,错误所在行数183
,Sql:
INSERT INTO TbIndexReviewSpiderData ([ReviewId],[Site],[Asin],[CustomName],[ReviewStars],[ReviewTitle],[ReviewDate],[HelpfulNum],[ReviewText],[ReviewMedia],[CreateTime]) VALUES ('R1HTZTM7TE7XQD','CA', 'B00E4RX0RK', 'Rod Finley', '5.0', 'Nice case. Fits very well','Reviewed in Canada on March 12, 2016','0', '
  Nice case. Fits very well, case is well built and is a reasonable price. I would buy again if it passes the test of time
', '', '2021-04-26 15:24:00'), ('R3BZRA08EEZV6R','CA', 'B00E4RX0RK', 'Hear Now', '4.0', 'Good','Reviewed in Canada on January 25, 2016','0', '
  Fits well and the \^handle\^ on it is great for holding the iPad with one hand. The tabs are tight and a bit difficult to snap out of to set it up as a stand, otherwise no complaints. Received as described.
', '', '2021-04-26 15:24:00'), ('RJVSEG647Z18O','CA', 'B00E4RX0RK', 'jguay_1966', '4.0', 'Enfin du cuir véritable!','Reviewed in Canada on November 6, 2015','0', '
  Un étui qui correspond à ce qui est supposé et en cuir véritable. Très bon rapport qualité-prix!
', '', '2021-04-26 15:24:00'), ('R3084WEAH3JWEC','CA', 'B00E4RX0RK', 'Heather', '3.0', 'decent case although you have to unclip one side from ...','Reviewed in Canada on March 10, 2015','1', '
  decent case although you have to unclip one side from the holder in order to use it as a stand. I could see this part wearing out and breaking quickly if you unclip it alot.
', '', '2021-04-26 15:24:00'), ('R31NIM4KF8SFCH','CA', 'B00E4RX0RK', 'sony', '4.0', 'Four Stars','Reviewed in Canada on March 26, 2018','0', '
  Sturdy neat looking case .', '', '2021-04-26 15:24:00'), ('R1KJB8MSB2152C','CA', 'B00E4RX0RK', 'JT', '4.0', 'Case feels good and sturdy.','Reviewed in Canada on November 1, 2016','0', '
  Like the case but there are issues.', '', '2021-04-26 15:24:00'), ('R322T4AYDJ3TVY','CA', 'B00E4RX0RK', 'LeC', '4.0', 'A good case at a good price','Reviewed in Canada on November 13, 2015','2', '
  The item I bought was the black genuine leather case for iPad mini gen 1~3. I\^ve had this case for almost a year and must say it is holding up very well. I did not look into it to verify if it truly is real leather, but as far as I am concerned it still looks mint despite being used a lot; it\^s a nice looking case when I bought it, and it still is. The case does add a bit of weight to the iPad mini though not overly heavy.', '', '2021-04-26 15:24:00'), ('R2J1XLGLGNAVWF','CA', 'B00E4RX0RK', 'Richard', '3.0', 'The case looks great especially the genuine leather but has some issues.','Reviewed in Canada on February 14, 2015','8', '
  PROS', '', '2021-04-26 15:24:00')

,EndUpdateSql:
update TbIndexReviewSpiderTask set taskState='Success',SpiderTime='2021-04-26 15:24:08' where CASIN='B00E4RX0RK' and taskSite='CA'
+++++++++++++++++++++++++++++++++++++++++++++++++++++++++++
2021-04-26 15:24:09,694 - c:\Users\NINGMEI\myprojectReview\requestPostIndexReview (optimal2).py[line:190] - ERROR: (2627, b"Violation of PRIMARY KEY constraint 'TbIndexReviewSpiderData_pk'. Cannot insert duplicate key in object 'dbo.TbIndexReviewSpiderData'. The duplicate key value is (RHJK6X5PGMX8A).DB-Lib error message 20018, severity 14:\nGeneral SQL Server error: Check messages from the SQL Server\n")
,错误所在行数183
,Sql:
INSERT INTO TbIndexReviewSpiderData ([ReviewId],[Site],[Asin],[CustomName],[ReviewStars],[ReviewTitle],[ReviewDate],[HelpfulNum],[ReviewText],[ReviewMedia],[CreateTime]) VALUES ('RHJK6X5PGMX8A','CA', 'B0895S2XMN', 'Amazon Customer', '5.0', 'Cool.','Reviewed in Canada on April 19, 2021','0', '
  It is very nice.
', '', '2021-04-26 15:24:05'), ('R31L62ROWOOW0A','CA', 'B0895S2XMN', 'Johanne Rémillard', '5.0', 'Super','Reviewed in Canada on December 21, 2020','0', '
  Je suis surprise se la qualité de ce produit. Il est mieux que je croyais. Tres beau produit
', '', '2021-04-26 15:24:05'), ('R43H973YK1TKQ','CA', 'B0895S2XMN', 'Almas Naseem', '5.0', 'Great quality','Reviewed in Canada on January 11, 2021','0', '
  Very good quality  for the price. It holds a lot of soap.
', '', '2021-04-26 15:24:05'), ('R10EQ41KZLR57X','CA', 'B0895S2XMN', 'kikie', '1.0', 'Cassé au dessous','Reviewed in Canada on March 7, 2021','0', '
  le matériel est arrivé cassé chez moi
', '', '2021-04-26 15:24:05'), ('R3Q0PT4W6SHKD','CA', 'B0895S2XMN', 'Felicia St-Amour', '5.0', 'Pretty','Reviewed in Canada on December 4, 2020','0', '
  Well made and pretty...the pump works effortlessly especially when you have kids its important.
', '', '2021-04-26 15:24:05'), ('R25MXA2NWCKPGR','CA', 'B0895S2XMN', 'Mama D', '5.0', 'Pretty and larger capacity.','Reviewed in Canada on October 1, 2020','1', '
  This dispenser holds a lot of liquid.  Very pretty. Larger than I thought it would be. Had compliments on how nice it is. A nice addition to the bathroom.
', '', '2021-04-26 15:24:05')

,EndUpdateSql:
update TbIndexReviewSpiderTask set taskState='Success',SpiderTime='2021-04-26 15:24:09' where CASIN='B0895S2XMN' and taskSite='CA'
+++++++++++++++++++++++++++++++++++++++++++++++++++++++++++
2021-04-26 15:25:27,049 - c:\Users\NINGMEI\myprojectReview\requestPostIndexReview (optimal2).py[line:190] - ERROR: (2627, b"Violation of PRIMARY KEY constraint 'TbIndexReviewSpiderData_pk'. Cannot insert duplicate key in object 'dbo.TbIndexReviewSpiderData'. The duplicate key value is (R2CR6TICQX9KUY).DB-Lib error message 20018, severity 14:\nGeneral SQL Server error: Check messages from the SQL Server\n")
,错误所在行数183
,Sql:
INSERT INTO TbIndexReviewSpiderData ([ReviewId],[Site],[Asin],[CustomName],[ReviewStars],[ReviewTitle],[ReviewDate],[HelpfulNum],[ReviewText],[ReviewMedia],[CreateTime]) VALUES ('R2CR6TICQX9KUY','CA', 'B00B0O1CP2', 'blue4life ', '5.0', 'fantastic case','Reviewed in Canada on February 18, 2014','1', '
  I finally found the perfect case for my surface pro. With the surface pro the kickstand has only one position, which is useless for anything other than watching a movie. This case has a few different \^positions making it very useful for typing emails, reviews, watching movies, and it sits on my lap perfectly. A couple of people complained of a lack of a pen holder?? I\^m looking at the pen holder right now. I don\^t know about the surface not working with a keyboard while in the case, I only use the virtual keyboard which is perfectly fine for me. The material is very durable and protects the tablet very well. I\^m very happy with my purchase, similar cases sell for over $100, I got this for $35.
', '', '2021-04-26 15:25:25'), ('R3CT69425IL1E3','CA', 'B00B0O1CP2', 'C.Boozan', '4.0', 'You definitely get your money\^s worth!','Reviewed in Canada on September 21, 2013','6', '
  I bought my sleeve/case about a month ago, and can definitely say that it\^s definitely worth the money to invest in the MoKo case/sleeve to protect your Surface Pro.', '', '2021-04-26 15:25:25'), ('R2ID1515BO8O43','CA', 'B00B0O1CP2', 'David', '5.0', 'Nice quality product','Reviewed in Canada on October 20, 2017','0', '
  exactly what I wanted. Nice quality product.
', '', '2021-04-26 15:25:25'), ('R23HISSZLV9JS','CA', 'B00B0O1CP2', 'Milan', '2.0', 'Broke Day one','Reviewed in Canada on January 24, 2014','0', '
  Putting the unit in, it ripped and I had to duct tape it. Nothing lined up for holes and the unit is cheap. Not worth the cost at all.
', '', '2021-04-26 15:25:25'), ('R288W20JOLHIAZ','CA', 'B00B0O1CP2', 'Alchemist', '5.0', 'Awesome case','Reviewed in Canada on September 12, 2014','0', '
  Pretty amazing case which has an elegant design and protect the surface pro really well,,recommended product.
', '', '2021-04-26 15:25:25'), ('R3UU1TVO0Z7UXU','CA', 'B00B0O1CP2', 'yorkiemb', '4.0', 'cover fits great, just what i expected','Reviewed in Canada on June 20, 2014','0', '
  love the colour selection and gives more angle options than the built in stand. pen holder is great to have too.
', '', '2021-04-26 15:25:25'), ('R1N4OWR4OXGSJT','CA', 'B00B0O1CP2', 'Fasterfox', '2.0', 'Sorry bad it ahs a bad design','Reviewed in Canada on November 15, 2014','0', '
  Too heavy and the magnets on the cover were making irresponsive the touch screen, I had to make a hole a remove the magnets. Sorry bad it ahs a bad design
', '', '2021-04-26 15:25:25'), ('R1MFLP0R7RQ1AW','CA', 'B00B0O1CP2', 'Emmanuel', '4.0', 'Very nice case, fits perfectly','Reviewed in Canada on November 1, 2017','0', '
  Very nice case , fits perfectly.
', '', '2021-04-26 15:25:25')

,EndUpdateSql:
update TbIndexReviewSpiderTask set taskState='Success',SpiderTime='2021-04-26 15:25:27' where CASIN='B00B0O1CP2' and taskSite='CA'
+++++++++++++++++++++++++++++++++++++++++++++++++++++++++++
2021-04-26 15:25:28,421 - c:\Users\NINGMEI\myprojectReview\requestPostIndexReview (optimal2).py[line:190] - ERROR: (2627, b"Violation of PRIMARY KEY constraint 'TbIndexReviewSpiderData_pk'. Cannot insert duplicate key in object 'dbo.TbIndexReviewSpiderData'. The duplicate key value is (R2J1XLGLGNAVWF).DB-Lib error message 20018, severity 14:\nGeneral SQL Server error: Check messages from the SQL Server\n")
,错误所在行数183
,Sql:
INSERT INTO TbIndexReviewSpiderData ([ReviewId],[Site],[Asin],[CustomName],[ReviewStars],[ReviewTitle],[ReviewDate],[HelpfulNum],[ReviewText],[ReviewMedia],[CreateTime]) VALUES ('R2J1XLGLGNAVWF','CA', 'B00E4RX0RK', 'Richard', '3.0', 'The case looks great especially the genuine leather but has some issues.','Reviewed in Canada on February 14, 2015','8', '
  PROS', '', '2021-04-26 15:25:27'), ('R322T4AYDJ3TVY','CA', 'B00E4RX0RK', 'LeC', '4.0', 'A good case at a good price','Reviewed in Canada on November 13, 2015','2', '
  The item I bought was the black genuine leather case for iPad mini gen 1~3. I\^ve had this case for almost a year and must say it is holding up very well. I did not look into it to verify if it truly is real leather, but as far as I am concerned it still looks mint despite being used a lot; it\^s a nice looking case when I bought it, and it still is. The case does add a bit of weight to the iPad mini though not overly heavy.', '', '2021-04-26 15:25:27'), ('R1KJB8MSB2152C','CA', 'B00E4RX0RK', 'JT', '4.0', 'Case feels good and sturdy.','Reviewed in Canada on November 1, 2016','0', '
  Like the case but there are issues.', '', '2021-04-26 15:25:27'), ('R31NIM4KF8SFCH','CA', 'B00E4RX0RK', 'sony', '4.0', 'Four Stars','Reviewed in Canada on March 26, 2018','0', '
  Sturdy neat looking case .', '', '2021-04-26 15:25:27'), ('R3084WEAH3JWEC','CA', 'B00E4RX0RK', 'Heather', '3.0', 'decent case although you have to unclip one side from ...','Reviewed in Canada on March 10, 2015','1', '
  decent case although you have to unclip one side from the holder in order to use it as a stand. I could see this part wearing out and breaking quickly if you unclip it alot.
', '', '2021-04-26 15:25:27'), ('RJVSEG647Z18O','CA', 'B00E4RX0RK', 'jguay_1966', '4.0', 'Enfin du cuir véritable!','Reviewed in Canada on November 6, 2015','0', '
  Un étui qui correspond à ce qui est supposé et en cuir véritable. Très bon rapport qualité-prix!
', '', '2021-04-26 15:25:27'), ('R3BZRA08EEZV6R','CA', 'B00E4RX0RK', 'Hear Now', '4.0', 'Good','Reviewed in Canada on January 25, 2016','0', '
  Fits well and the \^handle\^ on it is great for holding the iPad with one hand. The tabs are tight and a bit difficult to snap out of to set it up as a stand, otherwise no complaints. Received as described.
', '', '2021-04-26 15:25:27'), ('R1HTZTM7TE7XQD','CA', 'B00E4RX0RK', 'Rod Finley', '5.0', 'Nice case. Fits very well','Reviewed in Canada on March 12, 2016','0', '
  Nice case. Fits very well, case is well built and is a reasonable price. I would buy again if it passes the test of time
', '', '2021-04-26 15:25:27')

,EndUpdateSql:
update TbIndexReviewSpiderTask set taskState='Success',SpiderTime='2021-04-26 15:25:28' where CASIN='B00E4RX0RK' and taskSite='CA'
+++++++++++++++++++++++++++++++++++++++++++++++++++++++++++
2021-04-26 15:25:29,749 - c:\Users\NINGMEI\myprojectReview\requestPostIndexReview (optimal2).py[line:190] - ERROR: (2627, b"Violation of PRIMARY KEY constraint 'TbIndexReviewSpiderData_pk'. Cannot insert duplicate key in object 'dbo.TbIndexReviewSpiderData'. The duplicate key value is (R1VFOPHWA8IGBG).DB-Lib error message 20018, severity 14:\nGeneral SQL Server error: Check messages from the SQL Server\n")
,错误所在行数183
,Sql:
INSERT INTO TbIndexReviewSpiderData ([ReviewId],[Site],[Asin],[CustomName],[ReviewStars],[ReviewTitle],[ReviewDate],[HelpfulNum],[ReviewText],[ReviewMedia],[CreateTime]) VALUES ('R1VFOPHWA8IGBG','ES', 'B07C8CKQB9', 'Marta72', '4.0', 'Muy cómoda','Revisado en Espa\xf1a el 15 de septiembre de 2018','0', '
  Muy cómoda, la cogí para hacer deporte y es muy agradable al tacto y aunque sudes mucho no deja nada de olor como otros tejidos típicos de las actividades deportivas, atención: es un poco gruesa y la manga llega hasta el codo. Talla perfecta.
', '', '2021-04-26 15:25:25'), ('RIZC6U0QOJTTR','ES', 'B07C8CKQB9', 'ana belen', '3.0', 'prefecta','Revisado en Espa\xf1a el 23 de mayo de 2019','0', '
  queda como un guante, es olgada como me gusta y queda ajustada en la cadera, con manga francesa prefecta para ente-tiempo.', '', '2021-04-26 15:25:25'), ('R25TNR3B5CWYFT','ES', 'B07C8CKQB9', 'clemente', '5.0', 'bonito','Revisado en Espa\xf1a el 8 de junio de 2018','0', '
  todo acorde a la  descripcion,  producto de calidad que cumple con las espectativas a un precio bastante competitivo. Lo recomiendo
', '', '2021-04-26 15:25:25'), ('RJJWVBTHYNH2C','ES', 'B07C8CKQB9', 'AdriFTW', '5.0', 'Lo esperado por el precio','Revisado en Espa\xf1a el 14 de diciembre de 2018','0', '
  acorde con la descripción
', '', '2021-04-26 15:25:25'), ('R23FT84FFDU93W','ES', 'B07C8CKQB9', 'Lluc ia', '1.0', 'Peque\xf1a','Revisado en Espa\xf1a el 20 de agosto de 2018','0', '
  La calidad es muy buena, pero he tenido que devolverla porque no es la talla que había pedido y parezco un chorizo embutido....
', '', '2021-04-26 15:25:25')

,EndUpdateSql:
update TbIndexReviewSpiderTask set taskState='Success',SpiderTime='2021-04-26 15:25:29' where CASIN='B07C8CKQB9' and taskSite='ES'
+++++++++++++++++++++++++++++++++++++++++++++++++++++++++++
2021-04-26 15:25:30,568 - c:\Users\NINGMEI\myprojectReview\requestPostIndexReview (optimal2).py[line:190] - ERROR: (2627, b"Violation of PRIMARY KEY constraint 'TbIndexReviewSpiderData_pk'. Cannot insert duplicate key in object 'dbo.TbIndexReviewSpiderData'. The duplicate key value is (R2QD59GEPWAAV5).DB-Lib error message 20018, severity 14:\nGeneral SQL Server error: Check messages from the SQL Server\n")
,错误所在行数183
,Sql:
INSERT INTO TbIndexReviewSpiderData ([ReviewId],[Site],[Asin],[CustomName],[ReviewStars],[ReviewTitle],[ReviewDate],[HelpfulNum],[ReviewText],[ReviewMedia],[CreateTime]) VALUES ('R2QD59GEPWAAV5','CA', 'B00H1OR9RK', 'SyTekCity', '5.0', 'Amazing case with little to no compromise','Reviewed in Canada on March 2, 2016','1', '
  This is my quick review of the MoKo Leather Cover Case for the Kindle Paperwhite. I’ll keep this review real clear and simple.', 'https://images-na.ssl-images-amazon.com/images/I/615d7g5TP4L._SY88.jpg https://images-na.ssl-images-amazon.com/images/I/618heBy9hoL._SY88.jpg https://images-na.ssl-images-amazon.com/images/I/71DP1cJxQAL._SY88.jpg https://images-na.ssl-images-amazon.com/images/I/71bWmwvoQ-L._SY88.jpg', '2021-04-26 15:25:28'), ('R3LAS88ZGKWIC4','CA', 'B00H1OR9RK', 'Kim L', '5.0', 'Sturdy and convenient, what is not to love?','Reviewed in Canada on September 8, 2019','0', '
  It fits my Paperwhite perfectly. Opening it starts the reader and closing it stop the reader. No more worries about letting the battery drain while it times out. Instant on is much more satisfying than pressing the button for some strange reason. As a creature of convenience, I find this a completely convenient solution. And, the point of buying it of course is to also protect the screen when you stuff it into a laptop bag or equivalent. To me, this is the perfect blend of Form and Function and I could not be happier. The cherry on top is that it is not expensive at all. I can\^t even imagine how they can build such a useful tool for so little money.
', '', '2021-04-26 15:25:28'), ('R2956EX8TPCYC0','CA', 'B00H1OR9RK', 'Mama Nancy', '3.0', 'Decent cover but Auto turn off feature unreliable','Reviewed in Canada on February 28, 2018','2', '
  This cover does provide good protection for my Kindle however what is the features I purchased it for is that it is supposed to turn the Kindle off when the case was closed .', '', '2021-04-26 15:25:28'), ('R136ULN3IPDWMQ','CA', 'B00H1OR9RK', 'Calgary Customer', '3.0', 'Cover separating','Reviewed in Canada on January 25, 2019','0', '
  I really like this cover, It fits nicely and the texture gives it a good grip. The magnetic cover protects the screen and auto turns off the reader. After almost a year of use, the cover split at the edge of the tab for opening the cover (where the magnet is housed). I managed to epoxy the seam to stick it back together and keep the magnet from falling out. I thought I had solved my problem, but shortly after the rubber edging started peeling off the front cover. It\^s too bad, because I really liked this cover. It\^s still useable, but doesn\^t look as nice and I\^m not sure how long it will be before the exposed seam stars splitting around the edge of the whole cover.
', 'https://images-na.ssl-images-amazon.com/images/I/718PPUXlbFL._SY88.jpg', '2021-04-26 15:25:28'), ('R2SW31TRM2BK44','CA', 'B00H1OR9RK', 'Leeann Tripple', '5.0', 'Love this cover!','Reviewed in Canada on October 17, 2017','0', '
  UPDATE:  Bought this cover Jan 2017 and it is still performing fantastically!  It shows no sign of wear and it has done a fantastic job of protecting my Kindle Paperwhite wherever I go.  It\^s so easy to slip into my purse and it hardly takes up any room, and then I always have something to read "just in case".  I still love the auto-on and propping features.  Also, the one time I have taken it out of the case [for security at an airport], it was fairly easy, yet it is still held securly in place since.  Highly recommend this case.', '', '2021-04-26 15:25:28'), ('R1X8A4OIALOAKU','CA', 'B00H1OR9RK', 'Steve', '5.0', 'Great and Comfortable Case!','Reviewed in Canada on June 12, 2018','0', '
  This is a great feeling and fairly light case. However, I find the kindle is much more comfortable for holding outside of the case so I normally keep the case on during travel, and remove the kindle from the case when reading.', '', '2021-04-26 15:25:28'), ('R1SQRRXZTAOJZB','CA', 'B00H1OR9RK', 'John MacLean', '1.0', 'Buyer Beware!','Reviewed in Canada on December 2, 2019','0', '
  Just received this today for my 10th generation paperwhite. The device slops around in the case and would fall out if I tried to fold the cover back and stand it up. It does not fit snugly as some reviews suggest. There is also no auto wake/sleep  wake feature that I can see.', '', '2021-04-26 15:25:28'), ('R1PGL9MDPLJEBY','CA', 'B00H1OR9RK', 'Brent', '5.0', 'Highly recommended case','Reviewed in Canada on October 4, 2019','0', '
  Works great for my Kindle Paperwhite and fits perfectly, couldn\^t have asked for a better case. Just ensure you have the right model Kindle, reference photos in the ad. The screen goes to sleep when you close it and wakes up when you open it.
', 'https://images-na.ssl-images-amazon.com/images/I/71F6dXm2g-L._SY88.jpg https://images-na.ssl-images-amazon.com/images/I/81ElKzMO1TL._SY88.jpg', '2021-04-26 15:25:28')

,EndUpdateSql:
update TbIndexReviewSpiderTask set taskState='Success',SpiderTime='2021-04-26 15:25:30' where CASIN='B00H1OR9RK' and taskSite='CA'
+++++++++++++++++++++++++++++++++++++++++++++++++++++++++++
2021-04-26 15:25:30,668 - c:\Users\NINGMEI\myprojectReview\requestPostIndexReview (optimal2).py[line:190] - ERROR: (1205, b'Transaction (Process ID 187) was deadlocked on lock resources with another process and has been chosen as the deadlock victim. Rerun the transaction.DB-Lib error message 20018, severity 13:\nGeneral SQL Server error: Check messages from the SQL Server\n')
,错误所在行数177
,Sql:


,EndUpdateSql:
update TbIndexReviewSpiderTask set taskState='Success',SpiderTime='2021-04-26 15:25:29' where CASIN='B076KDXXY1' and taskSite='US'
+++++++++++++++++++++++++++++++++++++++++++++++++++++++++++
2021-04-26 15:26:12,350 - c:\Users\NINGMEI\myprojectReview\requestPostIndexReview (optimal2).py[line:190] - ERROR: (2627, b"Violation of PRIMARY KEY constraint 'TbIndexReviewSpiderData_pk'. Cannot insert duplicate key in object 'dbo.TbIndexReviewSpiderData'. The duplicate key value is (R1VFOPHWA8IGBG).DB-Lib error message 20018, severity 14:\nGeneral SQL Server error: Check messages from the SQL Server\n")
,错误所在行数183
,Sql:
INSERT INTO TbIndexReviewSpiderData ([ReviewId],[Site],[Asin],[CustomName],[ReviewStars],[ReviewTitle],[ReviewDate],[HelpfulNum],[ReviewText],[ReviewMedia],[CreateTime]) VALUES ('R1VFOPHWA8IGBG','ES', 'B07C8834LX', 'Marta72', '4.0', 'Muy cómoda','Revisado en Espa\xf1a el 15 de septiembre de 2018','0', '
  Muy cómoda, la cogí para hacer deporte y es muy agradable al tacto y aunque sudes mucho no deja nada de olor como otros tejidos típicos de las actividades deportivas, atención: es un poco gruesa y la manga llega hasta el codo. Talla perfecta.
', '', '2021-04-26 15:26:10'), ('RIZC6U0QOJTTR','ES', 'B07C8834LX', 'ana belen', '3.0', 'prefecta','Revisado en Espa\xf1a el 23 de mayo de 2019','0', '
  queda como un guante, es olgada como me gusta y queda ajustada en la cadera, con manga francesa prefecta para ente-tiempo.', '', '2021-04-26 15:26:10'), ('R25TNR3B5CWYFT','ES', 'B07C8834LX', 'clemente', '5.0', 'bonito','Revisado en Espa\xf1a el 8 de junio de 2018','0', '
  todo acorde a la  descripcion,  producto de calidad que cumple con las espectativas a un precio bastante competitivo. Lo recomiendo
', '', '2021-04-26 15:26:10'), ('RJJWVBTHYNH2C','ES', 'B07C8834LX', 'AdriFTW', '5.0', 'Lo esperado por el precio','Revisado en Espa\xf1a el 14 de diciembre de 2018','0', '
  acorde con la descripción
', '', '2021-04-26 15:26:10'), ('R23FT84FFDU93W','ES', 'B07C8834LX', 'Lluc ia', '1.0', 'Peque\xf1a','Revisado en Espa\xf1a el 20 de agosto de 2018','0', '
  La calidad es muy buena, pero he tenido que devolverla porque no es la talla que había pedido y parezco un chorizo embutido....
', '', '2021-04-26 15:26:10')

,EndUpdateSql:
update TbIndexReviewSpiderTask set taskState='Success',SpiderTime='2021-04-26 15:26:12' where CASIN='B07C8834LX' and taskSite='ES'
+++++++++++++++++++++++++++++++++++++++++++++++++++++++++++
2021-04-26 15:26:13,030 - c:\Users\NINGMEI\myprojectReview\requestPostIndexReview (optimal2).py[line:190] - ERROR: (2627, b"Violation of PRIMARY KEY constraint 'TbIndexReviewSpiderData_pk'. Cannot insert duplicate key in object 'dbo.TbIndexReviewSpiderData'. The duplicate key value is (R2CR6TICQX9KUY).DB-Lib error message 20018, severity 14:\nGeneral SQL Server error: Check messages from the SQL Server\n")
,错误所在行数183
,Sql:
INSERT INTO TbIndexReviewSpiderData ([ReviewId],[Site],[Asin],[CustomName],[ReviewStars],[ReviewTitle],[ReviewDate],[HelpfulNum],[ReviewText],[ReviewMedia],[CreateTime]) VALUES ('R2CR6TICQX9KUY','CA', 'B00B0O1CP2', 'blue4life ', '5.0', 'fantastic case','Reviewed in Canada on February 18, 2014','1', '
  I finally found the perfect case for my surface pro. With the surface pro the kickstand has only one position, which is useless for anything other than watching a movie. This case has a few different \^positions making it very useful for typing emails, reviews, watching movies, and it sits on my lap perfectly. A couple of people complained of a lack of a pen holder?? I\^m looking at the pen holder right now. I don\^t know about the surface not working with a keyboard while in the case, I only use the virtual keyboard which is perfectly fine for me. The material is very durable and protects the tablet very well. I\^m very happy with my purchase, similar cases sell for over $100, I got this for $35.
', '', '2021-04-26 15:26:10'), ('R3CT69425IL1E3','CA', 'B00B0O1CP2', 'C.Boozan', '4.0', 'You definitely get your money\^s worth!','Reviewed in Canada on September 21, 2013','6', '
  I bought my sleeve/case about a month ago, and can definitely say that it\^s definitely worth the money to invest in the MoKo case/sleeve to protect your Surface Pro.', '', '2021-04-26 15:26:10'), ('R2ID1515BO8O43','CA', 'B00B0O1CP2', 'David', '5.0', 'Nice quality product','Reviewed in Canada on October 20, 2017','0', '
  exactly what I wanted. Nice quality product.
', '', '2021-04-26 15:26:10'), ('R23HISSZLV9JS','CA', 'B00B0O1CP2', 'Milan', '2.0', 'Broke Day one','Reviewed in Canada on January 24, 2014','0', '
  Putting the unit in, it ripped and I had to duct tape it. Nothing lined up for holes and the unit is cheap. Not worth the cost at all.
', '', '2021-04-26 15:26:10'), ('R288W20JOLHIAZ','CA', 'B00B0O1CP2', 'Alchemist', '5.0', 'Awesome case','Reviewed in Canada on September 12, 2014','0', '
  Pretty amazing case which has an elegant design and protect the surface pro really well,,recommended product.
', '', '2021-04-26 15:26:10'), ('R3UU1TVO0Z7UXU','CA', 'B00B0O1CP2', 'yorkiemb', '4.0', 'cover fits great, just what i expected','Reviewed in Canada on June 20, 2014','0', '
  love the colour selection and gives more angle options than the built in stand. pen holder is great to have too.
', '', '2021-04-26 15:26:10'), ('R1N4OWR4OXGSJT','CA', 'B00B0O1CP2', 'Fasterfox', '2.0', 'Sorry bad it ahs a bad design','Reviewed in Canada on November 15, 2014','0', '
  Too heavy and the magnets on the cover were making irresponsive the touch screen, I had to make a hole a remove the magnets. Sorry bad it ahs a bad design
', '', '2021-04-26 15:26:10'), ('R1MFLP0R7RQ1AW','CA', 'B00B0O1CP2', 'Emmanuel', '4.0', 'Very nice case, fits perfectly','Reviewed in Canada on November 1, 2017','0', '
  Very nice case , fits perfectly.
', '', '2021-04-26 15:26:10')

,EndUpdateSql:
update TbIndexReviewSpiderTask set taskState='Success',SpiderTime='2021-04-26 15:26:13' where CASIN='B00B0O1CP2' and taskSite='CA'
+++++++++++++++++++++++++++++++++++++++++++++++++++++++++++
2021-04-26 15:26:13,278 - c:\Users\NINGMEI\myprojectReview\requestPostIndexReview (optimal2).py[line:190] - ERROR: (1205, b'Transaction (Process ID 188) was deadlocked on lock resources with another process and has been chosen as the deadlock victim. Rerun the transaction.DB-Lib error message 20018, severity 13:\nGeneral SQL Server error: Check messages from the SQL Server\n')
,错误所在行数177
,Sql:


,EndUpdateSql:
update TbIndexReviewSpiderTask set taskState='Success',SpiderTime='2021-04-26 15:26:11' where CASIN='B07PX227VB' and taskSite='DE'
+++++++++++++++++++++++++++++++++++++++++++++++++++++++++++
2021-04-26 15:26:14,414 - c:\Users\NINGMEI\myprojectReview\requestPostIndexReview (optimal2).py[line:190] - ERROR: (2627, b"Violation of PRIMARY KEY constraint 'TbIndexReviewSpiderData_pk'. Cannot insert duplicate key in object 'dbo.TbIndexReviewSpiderData'. The duplicate key value is (R3B6JINZYOR5ZR).DB-Lib error message 20018, severity 14:\nGeneral SQL Server error: Check messages from the SQL Server\n")
,错误所在行数183
,Sql:
INSERT INTO TbIndexReviewSpiderData ([ReviewId],[Site],[Asin],[CustomName],[ReviewStars],[ReviewTitle],[ReviewDate],[HelpfulNum],[ReviewText],[ReviewMedia],[CreateTime]) VALUES ('R3B6JINZYOR5ZR','US', 'B07RR86S3C', 'Bob Banka', '5.0', 'Pet Perfect','Reviewed in the United States on September 5, 2019','1', '
  We bought 3 of these harnesses for our two goldendoodles and our labradoodle for use when they ride in the car with us. A bonus is that they are safer for walking them too. Once they are on they seem to enjoy them and don\^t want to get "undressed"
', '', '2021-04-26 15:26:13'), ('R3VS88AD5BYT0T','US', 'B07RR86S3C', 'Carmella', '5.0', 'Exactly what I hoped for','Reviewed in the United States on May 22, 2020','7', '
  Very happy with these so far. Be sure to measure your dog before ordering. The XL fit both my 55lb and 70 lb dogs with large lean chests. I looked at a ton harnesses online before picking these. Looking for the best for the price. They’re very well built, comfortable looking, sturdy and easy to put on.
', '', '2021-04-26 15:26:13'), ('R1ST9IMSAB1AD9','US', 'B07RR86S3C', 'RickiDoo', '4.0', 'Easy On/Off, Sturdy, Bright Looking, a Little Small, Well Made Except....','Reviewed in the United States on February 6, 2021','3', '
  I bought two of these for my medium sized Golden Retriever and my Majorca Shepherd Dog mix. These harnesses were easy to snap on however the Xtra large size *just* fit my Golden around the body, even after adjusting the straps to the max. So these may come just a touch small.', 'https://images-na.ssl-images-amazon.com/images/I/81lUMRpwSyL._SY88.jpg', '2021-04-26 15:26:13'), ('R2MC2ZY9JGKZKT','US', 'B07RR86S3C', 'S N', '5.0', 'Love','Reviewed in the United States on May 17, 2020','6', '
  I’m pretty impressed with this purchase. I was worried that it might be a weird fit because I wasn’t sure what size to get. I ended up buying a medium for my dog and it fit well. He is a chihuahua & Jack Russell mix (body is more of a JR). He is about 19-21 pounds and pretty short. I like that it comes with a detachable strap that has a clip for a seatbelt and a carabiner that seems VERY secure. I think this was a good purchase!
', '', '2021-04-26 15:26:13'), ('R20Y8FFHLJEVUT','US', 'B07RR86S3C', 'LBlume', '5.0', 'Great safety harness for my dog when he\^s in the car with me','Reviewed in the United States on November 26, 2019','1', '
  Easy to fit to my Goldendoodle.  Hugs his chest but doesn\^t constrict him too much.  Very pleased with this purchase.
', '', '2021-04-26 15:26:13'), ('R25BTISVH9CQ3Z','US', 'B07RR86S3C', 'Heather R.', '5.0', 'Safety First','Reviewed in the United States on August 14, 2020','1', '
  Searched high and low for an option for our 95+ yellow lab.  Ended up purchasing the harness and zip line for our F-150 and it was a perfect solution.  We were able to secure him in the car while he still had room to move about and lay down comfortably.  While the zip line is not crash tested and gosh forbid, I did still feel safe knowing he was constrained to some extent - all the while comfortable to make our 6-8 hour car rides enjoyable and relaxing for everyone.', '', '2021-04-26 15:26:13'), ('R2ADYESKG2XO8P','US', 'B07RR86S3C', 'Tricia O', '5.0', 'Love it!','Reviewed in the United States on October 7, 2020','3', '
  I got an XL just because of the reviews. Phoenix is a Catahoula/husky mix and is about 70lbs to give you a better idea. Super easy to put on him and with quite a bit of room to spare.
', 'https://images-na.ssl-images-amazon.com/images/I/71+yuIMOYaL._SY88.jpg https://images-na.ssl-images-amazon.com/images/I/713a73QuKhL._SY88.jpg', '2021-04-26 15:26:13'), ('R3S7U3VI6HAJF1','US', 'B07RR86S3C', 'mo doyle', '4.0', 'Pet purchase perfect','Reviewed in the United States on March 26, 2020','4', '
  I wasn’t sure I like this until I stopped short in my car...then I realize why I bought it.  It works so well in the back seat...just remember to extend the length.  Easy hookup into the seat belt.  \U0001f44d\U0001f3fc\U0001f44d\U0001f3fc
', '', '2021-04-26 15:26:13')

,EndUpdateSql:
update TbIndexReviewSpiderTask set taskState='Success',SpiderTime='2021-04-26 15:26:14' where CASIN='B07RR86S3C' and taskSite='US'
+++++++++++++++++++++++++++++++++++++++++++++++++++++++++++
2021-04-26 15:26:15,418 - c:\Users\NINGMEI\myprojectReview\requestPostIndexReview (optimal2).py[line:190] - ERROR: (2627, b"Violation of PRIMARY KEY constraint 'TbIndexReviewSpiderData_pk'. Cannot insert duplicate key in object 'dbo.TbIndexReviewSpiderData'. The duplicate key value is (R3B6JINZYOR5ZR).DB-Lib error message 20018, severity 14:\nGeneral SQL Server error: Check messages from the SQL Server\n")
,错误所在行数183
,Sql:
INSERT INTO TbIndexReviewSpiderData ([ReviewId],[Site],[Asin],[CustomName],[ReviewStars],[ReviewTitle],[ReviewDate],[HelpfulNum],[ReviewText],[ReviewMedia],[CreateTime]) VALUES ('R3B6JINZYOR5ZR','US', 'B07RR89CV5', 'Bob Banka', '5.0', 'Pet Perfect','Reviewed in the United States on September 5, 2019','1', '
  We bought 3 of these harnesses for our two goldendoodles and our labradoodle for use when they ride in the car with us. A bonus is that they are safer for walking them too. Once they are on they seem to enjoy them and don\^t want to get "undressed"
', '', '2021-04-26 15:26:14'), ('R3VS88AD5BYT0T','US', 'B07RR89CV5', 'Carmella', '5.0', 'Exactly what I hoped for','Reviewed in the United States on May 22, 2020','7', '
  Very happy with these so far. Be sure to measure your dog before ordering. The XL fit both my 55lb and 70 lb dogs with large lean chests. I looked at a ton harnesses online before picking these. Looking for the best for the price. They’re very well built, comfortable looking, sturdy and easy to put on.
', '', '2021-04-26 15:26:14'), ('R1ST9IMSAB1AD9','US', 'B07RR89CV5', 'RickiDoo', '4.0', 'Easy On/Off, Sturdy, Bright Looking, a Little Small, Well Made Except....','Reviewed in the United States on February 6, 2021','3', '
  I bought two of these for my medium sized Golden Retriever and my Majorca Shepherd Dog mix. These harnesses were easy to snap on however the Xtra large size *just* fit my Golden around the body, even after adjusting the straps to the max. So these may come just a touch small.', 'https://images-na.ssl-images-amazon.com/images/I/81lUMRpwSyL._SY88.jpg', '2021-04-26 15:26:14'), ('R2MC2ZY9JGKZKT','US', 'B07RR89CV5', 'S N', '5.0', 'Love','Reviewed in the United States on May 17, 2020','6', '
  I’m pretty impressed with this purchase. I was worried that it might be a weird fit because I wasn’t sure what size to get. I ended up buying a medium for my dog and it fit well. He is a chihuahua & Jack Russell mix (body is more of a JR). He is about 19-21 pounds and pretty short. I like that it comes with a detachable strap that has a clip for a seatbelt and a carabiner that seems VERY secure. I think this was a good purchase!
', '', '2021-04-26 15:26:14'), ('R20Y8FFHLJEVUT','US', 'B07RR89CV5', 'LBlume', '5.0', 'Great safety harness for my dog when he\^s in the car with me','Reviewed in the United States on November 26, 2019','1', '
  Easy to fit to my Goldendoodle.  Hugs his chest but doesn\^t constrict him too much.  Very pleased with this purchase.
', '', '2021-04-26 15:26:14'), ('R25BTISVH9CQ3Z','US', 'B07RR89CV5', 'Heather R.', '5.0', 'Safety First','Reviewed in the United States on August 14, 2020','1', '
  Searched high and low for an option for our 95+ yellow lab.  Ended up purchasing the harness and zip line for our F-150 and it was a perfect solution.  We were able to secure him in the car while he still had room to move about and lay down comfortably.  While the zip line is not crash tested and gosh forbid, I did still feel safe knowing he was constrained to some extent - all the while comfortable to make our 6-8 hour car rides enjoyable and relaxing for everyone.', '', '2021-04-26 15:26:14'), ('R2ADYESKG2XO8P','US', 'B07RR89CV5', 'Tricia O', '5.0', 'Love it!','Reviewed in the United States on October 7, 2020','3', '
  I got an XL just because of the reviews. Phoenix is a Catahoula/husky mix and is about 70lbs to give you a better idea. Super easy to put on him and with quite a bit of room to spare.
', 'https://images-na.ssl-images-amazon.com/images/I/71+yuIMOYaL._SY88.jpg https://images-na.ssl-images-amazon.com/images/I/713a73QuKhL._SY88.jpg', '2021-04-26 15:26:14'), ('R3S7U3VI6HAJF1','US', 'B07RR89CV5', 'mo doyle', '4.0', 'Pet purchase perfect','Reviewed in the United States on March 26, 2020','4', '
  I wasn’t sure I like this until I stopped short in my car...then I realize why I bought it.  It works so well in the back seat...just remember to extend the length.  Easy hookup into the seat belt.  \U0001f44d\U0001f3fc\U0001f44d\U0001f3fc
', '', '2021-04-26 15:26:14')

,EndUpdateSql:
update TbIndexReviewSpiderTask set taskState='Success',SpiderTime='2021-04-26 15:26:15' where CASIN='B07RR89CV5' and taskSite='US'
+++++++++++++++++++++++++++++++++++++++++++++++++++++++++++
2021-04-26 15:26:16,490 - c:\Users\NINGMEI\myprojectReview\requestPostIndexReview (optimal2).py[line:190] - ERROR: (2627, b"Violation of PRIMARY KEY constraint 'TbIndexReviewSpiderData_pk'. Cannot insert duplicate key in object 'dbo.TbIndexReviewSpiderData'. The duplicate key value is (R2TE6FCPEC18UE).DB-Lib error message 20018, severity 14:\nGeneral SQL Server error: Check messages from the SQL Server\n")
,错误所在行数183
,Sql:
INSERT INTO TbIndexReviewSpiderData ([ReviewId],[Site],[Asin],[CustomName],[ReviewStars],[ReviewTitle],[ReviewDate],[HelpfulNum],[ReviewText],[ReviewMedia],[CreateTime]) VALUES ('R2TE6FCPEC18UE','DE', 'B07PXCQQH1', 'Amazon Kunde', '5.0', 'Klare Kaufempfehlung, vor allem für den Preis.','Rezension aus Deutschland vom 24. April 2019','1', '
  Die Kissen sehen sehr hochwertig aus und sind super weich.', 'https://images-na.ssl-images-amazon.com/images/I/81ESd9hGIBL._SY88.jpg', '2021-04-26 15:26:15'), ('R1RRZQ8N7MQZN6','DE', 'B07PXCQQH1', 'Sandra', '5.0', 'Sch\xf6n weich und kuschelig','Rezension aus Deutschland vom 9. Februar 2020','8', '
  Ich habe die Kissenbezüge in weinrot bestellt. Die Farbe ist sch\xf6n intensiv. Der Bezug ist richtig weich und kuschelig und macht optisch wirklich was her.', '', '2021-04-26 15:26:15'), ('R1I5PETBN4AFHN','DE', 'B07PXCQQH1', 'L Stz', '4.0', 'An sich gut, aber...','Rezension aus Deutschland vom 16. Januar 2019','5', '
  Auf den Fotos wirkt die Farbe wie ein sch\xf6ner "Cognac" Ton. Dem ist leider nicht so. Die Farbe geht sehr ins orangene und ist heller als erwartet. Bin etwas entt\xe4uscht. Der eingen\xe4hte Rei\xdfverschluss ist wei\xdf, was zwar eigentl. nicht weiter st\xf6rt, sich die Kissen somit aber schon von der Verarbeitung her von den beiden dunkelgrünen Samtbezügen eines anderen Herstellers (Amazon Bestseller), die ich auch noch habe, unterscheiden. Bei diesen ist der Rei\xdfverschluss in der gleichen Farbe gehalten. Ich war ehrlich gesagt, davon aus ausgegangen, dass es die gleichen Kissen sind. Es wird ja oft "baugleiches" unter verschiedenen Namen verkauft. Scheint hier nicht der Fall sein. Aufgrund der recht starken Farbabweichung werde ich wahrscheinlich für weitere Kissenbezüge auf den anderen Hersteller zurückgreifen. Ansonsten ist aber insgesamt alles okay und auch die Lieferung erfolgte im angegebenen Zeitfenster.
', '', '2021-04-26 15:26:15'), ('R2XGZ3TX52EM3B','DE', 'B07PXCQQH1', 'Anja', '5.0', 'Sch\xf6ne Bezüge','Rezension aus Deutschland vom 23. Juli 2019','6', '
  War am Anfang  skeptisch stellte sich aber als falsch heraus', '', '2021-04-26 15:26:15'), ('R2XAXS7ZWSF7G0','DE', 'B07PXCQQH1', 'Elegance RD', '5.0', 'Sehr gute Qualit\xe4t, sch\xf6ne Farben und gute Verarbeitung','Rezension aus Deutschland vom 1. M\xe4rz 2020','5', '
  Die Kissenhüllen sind wie abgebildet. Sehr sch\xf6ne Qualit\xe4t und Farben. Der Preis ist absolut ok. Auch die Lieferung war richtig zügig. Immer wieder gerne, es gab nichts zu bem\xe4ngeln.
', '', '2021-04-26 15:26:15'), ('R33P2P6CRQFXRZ','DE', 'B07PXCQQH1', 'Natalia krawczyk', '5.0', 'Super','Rezension aus Deutschland vom 20. Januar 2020','8', '
  Sehr sch\xf6ne Farbe, sowie der Stoff
', 'https://images-na.ssl-images-amazon.com/images/I/71UB9on0xGL._SY88.jpg https://images-na.ssl-images-amazon.com/images/I/71cVfDz+7SL._SY88.jpg', '2021-04-26 15:26:15'), ('R3SFML738PA1AI','DE', 'B07PXCQQH1', 'Ozan Mengüc', '4.0', 'Gut aber auch nicht billig','Rezension aus Deutschland vom 28. Dezember 2019','0', '
  Im Ganzen und allgemein sind die Bezüge sehr gut qualitativ auch hochwertig. Die Farbe passt Rei\xdfverschlüsse sind auch Qualitativ.', '', '2021-04-26 15:26:15'), ('ROD4LZDLWOAS8','DE', 'B07PXCQQH1', 'Glennie D', '5.0', 'Beautiful','Rezension aus Deutschland vom 19. Dezember 2020','0', '
  I really love the deep wine red colour of my new cushion covers. They are very soft and comfortable. Thank you!
', '', '2021-04-26 15:26:15')

,EndUpdateSql:
update TbIndexReviewSpiderTask set taskState='Success',SpiderTime='2021-04-26 15:26:16' where CASIN='B07PXCQQH1' and taskSite='DE'
+++++++++++++++++++++++++++++++++++++++++++++++++++++++++++
2021-04-26 15:26:17,687 - c:\Users\NINGMEI\myprojectReview\requestPostIndexReview (optimal2).py[line:190] - ERROR: (2627, b"Violation of PRIMARY KEY constraint 'TbIndexReviewSpiderData_pk'. Cannot insert duplicate key in object 'dbo.TbIndexReviewSpiderData'. The duplicate key value is (R3B6JINZYOR5ZR).DB-Lib error message 20018, severity 14:\nGeneral SQL Server error: Check messages from the SQL Server\n")
,错误所在行数183
,Sql:
INSERT INTO TbIndexReviewSpiderData ([ReviewId],[Site],[Asin],[CustomName],[ReviewStars],[ReviewTitle],[ReviewDate],[HelpfulNum],[ReviewText],[ReviewMedia],[CreateTime]) VALUES ('R3B6JINZYOR5ZR','US', 'B07RR8JQKB', 'Bob Banka', '5.0', 'Pet Perfect','Reviewed in the United States on September 5, 2019','1', '
  We bought 3 of these harnesses for our two goldendoodles and our labradoodle for use when they ride in the car with us. A bonus is that they are safer for walking them too. Once they are on they seem to enjoy them and don\^t want to get "undressed"
', '', '2021-04-26 15:26:16'), ('R3VS88AD5BYT0T','US', 'B07RR8JQKB', 'Carmella', '5.0', 'Exactly what I hoped for','Reviewed in the United States on May 22, 2020','7', '
  Very happy with these so far. Be sure to measure your dog before ordering. The XL fit both my 55lb and 70 lb dogs with large lean chests. I looked at a ton harnesses online before picking these. Looking for the best for the price. They’re very well built, comfortable looking, sturdy and easy to put on.
', '', '2021-04-26 15:26:16'), ('R1ST9IMSAB1AD9','US', 'B07RR8JQKB', 'RickiDoo', '4.0', 'Easy On/Off, Sturdy, Bright Looking, a Little Small, Well Made Except....','Reviewed in the United States on February 6, 2021','3', '
  I bought two of these for my medium sized Golden Retriever and my Majorca Shepherd Dog mix. These harnesses were easy to snap on however the Xtra large size *just* fit my Golden around the body, even after adjusting the straps to the max. So these may come just a touch small.', 'https://images-na.ssl-images-amazon.com/images/I/81lUMRpwSyL._SY88.jpg', '2021-04-26 15:26:16'), ('R2MC2ZY9JGKZKT','US', 'B07RR8JQKB', 'S N', '5.0', 'Love','Reviewed in the United States on May 17, 2020','6', '
  I’m pretty impressed with this purchase. I was worried that it might be a weird fit because I wasn’t sure what size to get. I ended up buying a medium for my dog and it fit well. He is a chihuahua & Jack Russell mix (body is more of a JR). He is about 19-21 pounds and pretty short. I like that it comes with a detachable strap that has a clip for a seatbelt and a carabiner that seems VERY secure. I think this was a good purchase!
', '', '2021-04-26 15:26:16'), ('R20Y8FFHLJEVUT','US', 'B07RR8JQKB', 'LBlume', '5.0', 'Great safety harness for my dog when he\^s in the car with me','Reviewed in the United States on November 26, 2019','1', '
  Easy to fit to my Goldendoodle.  Hugs his chest but doesn\^t constrict him too much.  Very pleased with this purchase.
', '', '2021-04-26 15:26:16'), ('R25BTISVH9CQ3Z','US', 'B07RR8JQKB', 'Heather R.', '5.0', 'Safety First','Reviewed in the United States on August 14, 2020','1', '
  Searched high and low for an option for our 95+ yellow lab.  Ended up purchasing the harness and zip line for our F-150 and it was a perfect solution.  We were able to secure him in the car while he still had room to move about and lay down comfortably.  While the zip line is not crash tested and gosh forbid, I did still feel safe knowing he was constrained to some extent - all the while comfortable to make our 6-8 hour car rides enjoyable and relaxing for everyone.', '', '2021-04-26 15:26:16'), ('R2ADYESKG2XO8P','US', 'B07RR8JQKB', 'Tricia O', '5.0', 'Love it!','Reviewed in the United States on October 7, 2020','3', '
  I got an XL just because of the reviews. Phoenix is a Catahoula/husky mix and is about 70lbs to give you a better idea. Super easy to put on him and with quite a bit of room to spare.
', 'https://images-na.ssl-images-amazon.com/images/I/71+yuIMOYaL._SY88.jpg https://images-na.ssl-images-amazon.com/images/I/713a73QuKhL._SY88.jpg', '2021-04-26 15:26:16'), ('R3S7U3VI6HAJF1','US', 'B07RR8JQKB', 'mo doyle', '4.0', 'Pet purchase perfect','Reviewed in the United States on March 26, 2020','4', '
  I wasn’t sure I like this until I stopped short in my car...then I realize why I bought it.  It works so well in the back seat...just remember to extend the length.  Easy hookup into the seat belt.  \U0001f44d\U0001f3fc\U0001f44d\U0001f3fc
', '', '2021-04-26 15:26:16')

,EndUpdateSql:
update TbIndexReviewSpiderTask set taskState='Success',SpiderTime='2021-04-26 15:26:17' where CASIN='B07RR8JQKB' and taskSite='US'
+++++++++++++++++++++++++++++++++++++++++++++++++++++++++++
2021-04-26 15:26:19,823 - c:\Users\NINGMEI\myprojectReview\requestPostIndexReview (optimal2).py[line:190] - ERROR: (2627, b"Violation of PRIMARY KEY constraint 'TbIndexReviewSpiderData_pk'. Cannot insert duplicate key in object 'dbo.TbIndexReviewSpiderData'. The duplicate key value is (R2FN540HA704UT).DB-Lib error message 20018, severity 14:\nGeneral SQL Server error: Check messages from the SQL Server\n")
,错误所在行数183
,Sql:
INSERT INTO TbIndexReviewSpiderData ([ReviewId],[Site],[Asin],[CustomName],[ReviewStars],[ReviewTitle],[ReviewDate],[HelpfulNum],[ReviewText],[ReviewMedia],[CreateTime]) VALUES ('R2FN540HA704UT','US', 'B07RRMFC2Z', 'Daryll Kay Halverson', '3.0', 'If you do not use it while you are walk or on a bus  it is not the best product for you.','Reviewed in the United States on February 3, 2020','0', '
  It dose not lat flat on a table or desk  or simple saying it , it is hard to use on  a table as it rock too much.
', '', '2021-04-26 15:26:18')

,EndUpdateSql:
update TbIndexReviewSpiderTask set taskState='Success',SpiderTime='2021-04-26 15:26:19' where CASIN='B07RRMFC2Z' and taskSite='US'
+++++++++++++++++++++++++++++++++++++++++++++++++++++++++++
2021-04-26 15:26:25,795 - c:\Users\NINGMEI\myprojectReview\requestPostIndexReview (optimal2).py[line:190] - ERROR: (1205, b'Transaction (Process ID 188) was deadlocked on lock resources with another process and has been chosen as the deadlock victim. Rerun the transaction.DB-Lib error message 20018, severity 13:\nGeneral SQL Server error: Check messages from the SQL Server\n')
,错误所在行数185
,Sql:
INSERT INTO TbIndexReviewSpiderData ([ReviewId],[Site],[Asin],[CustomName],[ReviewStars],[ReviewTitle],[ReviewDate],[HelpfulNum],[ReviewText],[ReviewMedia],[CreateTime]) VALUES ('R3JUCQ2IXFA6FI','US', 'B00QTJ4GX8', 'Sandra Holbert', '4.0', 'Nice','Reviewed in the United States on June 21, 2016','0', '
  The color is great. It\^s a lotto tight trying to get it on my IPhone. It gets the job done.
', '', '2021-04-26 15:26:24'), ('R3AC6WEJBVH0UM','US', 'B00QTJ4GX8', 'Stephanie', '4.0', 'Four Stars','Reviewed in the United States on January 27, 2016','0', '
  I\^d recommend not getting the white.. Got dirty the first time I used it working out
', '', '2021-04-26 15:26:24'), ('R2L1U21D321TUE','US', 'B00QTJ4GX8', 'Amazon Customer', '5.0', 'Five Stars','Reviewed in the United States on February 14, 2016','0', '
  I absolutely love it.
', '', '2021-04-26 15:26:24'), ('R36JEG6PLR5C2R','US', 'B00QTJ4GX8', 'Anna T.', '5.0', 'Armbands are the next big thing.','Reviewed in the United States on September 24, 2016','0', '
  I really enjoyed the purchase of this product because it works great on my small arm. Because I am so skinny, it is hard to find products that will wrap tightly around my arm, however, with this iPhone armband, not only does it fit around my arm but it fits the phone all nice and slug as well! Given, you are not able to use a case when you have this on but the price of convenience. It beats lunging your phone around with a headphone connected and having to stick it in your bra or your the side of your pants. I know that can be even more so tedious!', '', '2021-04-26 15:26:24'), ('R2KIU6BCBFY0QN','US', 'B00QTJ4GX8', 'Zerz360', '5.0', 'Works well!','Reviewed in the United States on January 14, 2016','0', '
  I have a Nexus 5x, and this armband works perfectly! It has holes in the bottom and top so if your earphone jack is on the bottom of your phone, you won\^t have any issue. I have been using it for over a month, and haven\^t had any issues. We\^ll just have to see how the velcro holds up (I don\^t see it being an issue, but I had that problem on a different armband I purchased in the past). I\^m 5\^4" and 115 lbs so I bought the "Small" sweat-proof in white. This is the right size for me, but there isn\^t too much room to grow. If you are worried about size, I would maybe go up one size, as there are a few different ways to wrap the velcro to make it fit. Also, the card/key slot works very well. I wouldn\^t put a car key in there, as it would be uncomfortable, but of the items I have put in there, I have never had anything fall out.
', '', '2021-04-26 15:26:24'), ('R2RDROLFYOZTE6','US', 'B00QTJ4GX8', 'Carissa', '5.0', 'Five Stars','Reviewed in the United States on November 3, 2016','0', '
  Very good to wear while working out or don\^t have any pockets.
', '', '2021-04-26 15:26:24')

,EndUpdateSql:
update TbIndexReviewSpiderTask set taskState='Success',SpiderTime='2021-04-26 15:26:25' where CASIN='B00QTJ4GX8' and taskSite='US'
+++++++++++++++++++++++++++++++++++++++++++++++++++++++++++
2021-04-26 15:26:27,194 - c:\Users\NINGMEI\myprojectReview\requestPostIndexReview (optimal2).py[line:190] - ERROR: (2627, b"Violation of PRIMARY KEY constraint 'TbIndexReviewSpiderData_pk'. Cannot insert duplicate key in object 'dbo.TbIndexReviewSpiderData'. The duplicate key value is (R2TE6FCPEC18UE).DB-Lib error message 20018, severity 14:\nGeneral SQL Server error: Check messages from the SQL Server\n")
,错误所在行数183
,Sql:
INSERT INTO TbIndexReviewSpiderData ([ReviewId],[Site],[Asin],[CustomName],[ReviewStars],[ReviewTitle],[ReviewDate],[HelpfulNum],[ReviewText],[ReviewMedia],[CreateTime]) VALUES ('R2TE6FCPEC18UE','DE', 'B07PYGLHGG', 'Amazon Kunde', '5.0', 'Klare Kaufempfehlung, vor allem für den Preis.','Rezension aus Deutschland vom 24. April 2019','1', '
  Die Kissen sehen sehr hochwertig aus und sind super weich.', 'https://images-na.ssl-images-amazon.com/images/I/81ESd9hGIBL._SY88.jpg', '2021-04-26 15:26:26'), ('R1RRZQ8N7MQZN6','DE', 'B07PYGLHGG', 'Sandra', '5.0', 'Sch\xf6n weich und kuschelig','Rezension aus Deutschland vom 9. Februar 2020','8', '
  Ich habe die Kissenbezüge in weinrot bestellt. Die Farbe ist sch\xf6n intensiv. Der Bezug ist richtig weich und kuschelig und macht optisch wirklich was her.', '', '2021-04-26 15:26:26'), ('R1I5PETBN4AFHN','DE', 'B07PYGLHGG', 'L Stz', '4.0', 'An sich gut, aber...','Rezension aus Deutschland vom 16. Januar 2019','5', '
  Auf den Fotos wirkt die Farbe wie ein sch\xf6ner "Cognac" Ton. Dem ist leider nicht so. Die Farbe geht sehr ins orangene und ist heller als erwartet. Bin etwas entt\xe4uscht. Der eingen\xe4hte Rei\xdfverschluss ist wei\xdf, was zwar eigentl. nicht weiter st\xf6rt, sich die Kissen somit aber schon von der Verarbeitung her von den beiden dunkelgrünen Samtbezügen eines anderen Herstellers (Amazon Bestseller), die ich auch noch habe, unterscheiden. Bei diesen ist der Rei\xdfverschluss in der gleichen Farbe gehalten. Ich war ehrlich gesagt, davon aus ausgegangen, dass es die gleichen Kissen sind. Es wird ja oft "baugleiches" unter verschiedenen Namen verkauft. Scheint hier nicht der Fall sein. Aufgrund der recht starken Farbabweichung werde ich wahrscheinlich für weitere Kissenbezüge auf den anderen Hersteller zurückgreifen. Ansonsten ist aber insgesamt alles okay und auch die Lieferung erfolgte im angegebenen Zeitfenster.
', '', '2021-04-26 15:26:26'), ('R2XGZ3TX52EM3B','DE', 'B07PYGLHGG', 'Anja', '5.0', 'Sch\xf6ne Bezüge','Rezension aus Deutschland vom 23. Juli 2019','6', '
  War am Anfang  skeptisch stellte sich aber als falsch heraus', '', '2021-04-26 15:26:26'), ('R2XAXS7ZWSF7G0','DE', 'B07PYGLHGG', 'Elegance RD', '5.0', 'Sehr gute Qualit\xe4t, sch\xf6ne Farben und gute Verarbeitung','Rezension aus Deutschland vom 1. M\xe4rz 2020','5', '
  Die Kissenhüllen sind wie abgebildet. Sehr sch\xf6ne Qualit\xe4t und Farben. Der Preis ist absolut ok. Auch die Lieferung war richtig zügig. Immer wieder gerne, es gab nichts zu bem\xe4ngeln.
', '', '2021-04-26 15:26:26'), ('R33P2P6CRQFXRZ','DE', 'B07PYGLHGG', 'Natalia krawczyk', '5.0', 'Super','Rezension aus Deutschland vom 20. Januar 2020','8', '
  Sehr sch\xf6ne Farbe, sowie der Stoff
', 'https://images-na.ssl-images-amazon.com/images/I/71UB9on0xGL._SY88.jpg https://images-na.ssl-images-amazon.com/images/I/71cVfDz+7SL._SY88.jpg', '2021-04-26 15:26:26'), ('R3SFML738PA1AI','DE', 'B07PYGLHGG', 'Ozan Mengüc', '4.0', 'Gut aber auch nicht billig','Rezension aus Deutschland vom 28. Dezember 2019','0', '
  Im Ganzen und allgemein sind die Bezüge sehr gut qualitativ auch hochwertig. Die Farbe passt Rei\xdfverschlüsse sind auch Qualitativ.', '', '2021-04-26 15:26:26'), ('ROD4LZDLWOAS8','DE', 'B07PYGLHGG', 'Glennie D', '5.0', 'Beautiful','Rezension aus Deutschland vom 19. Dezember 2020','0', '
  I really love the deep wine red colour of my new cushion covers. They are very soft and comfortable. Thank you!
', '', '2021-04-26 15:26:26')

,EndUpdateSql:
update TbIndexReviewSpiderTask set taskState='Success',SpiderTime='2021-04-26 15:26:27' where CASIN='B07PYGLHGG' and taskSite='DE'
+++++++++++++++++++++++++++++++++++++++++++++++++++++++++++
2021-04-26 15:26:44,364 - c:\Users\NINGMEI\myprojectReview\requestPostIndexReview (optimal2).py[line:190] - ERROR: (2627, b"Violation of PRIMARY KEY constraint 'TbIndexReviewSpiderData_pk'. Cannot insert duplicate key in object 'dbo.TbIndexReviewSpiderData'. The duplicate key value is (R3B6JINZYOR5ZR).DB-Lib error message 20018, severity 14:\nGeneral SQL Server error: Check messages from the SQL Server\n")
,错误所在行数183
,Sql:
INSERT INTO TbIndexReviewSpiderData ([ReviewId],[Site],[Asin],[CustomName],[ReviewStars],[ReviewTitle],[ReviewDate],[HelpfulNum],[ReviewText],[ReviewMedia],[CreateTime]) VALUES ('R3B6JINZYOR5ZR','US', 'B07RS9KTDS', 'Bob Banka', '5.0', 'Pet Perfect','Reviewed in the United States on September 5, 2019','1', '
  We bought 3 of these harnesses for our two goldendoodles and our labradoodle for use when they ride in the car with us. A bonus is that they are safer for walking them too. Once they are on they seem to enjoy them and don\^t want to get "undressed"
', '', '2021-04-26 15:26:43'), ('R3VS88AD5BYT0T','US', 'B07RS9KTDS', 'Carmella', '5.0', 'Exactly what I hoped for','Reviewed in the United States on May 22, 2020','7', '
  Very happy with these so far. Be sure to measure your dog before ordering. The XL fit both my 55lb and 70 lb dogs with large lean chests. I looked at a ton harnesses online before picking these. Looking for the best for the price. They’re very well built, comfortable looking, sturdy and easy to put on.
', '', '2021-04-26 15:26:43'), ('R1ST9IMSAB1AD9','US', 'B07RS9KTDS', 'RickiDoo', '4.0', 'Easy On/Off, Sturdy, Bright Looking, a Little Small, Well Made Except....','Reviewed in the United States on February 6, 2021','3', '
  I bought two of these for my medium sized Golden Retriever and my Majorca Shepherd Dog mix. These harnesses were easy to snap on however the Xtra large size *just* fit my Golden around the body, even after adjusting the straps to the max. So these may come just a touch small.', 'https://images-na.ssl-images-amazon.com/images/I/81lUMRpwSyL._SY88.jpg', '2021-04-26 15:26:43'), ('R2MC2ZY9JGKZKT','US', 'B07RS9KTDS', 'S N', '5.0', 'Love','Reviewed in the United States on May 17, 2020','6', '
  I’m pretty impressed with this purchase. I was worried that it might be a weird fit because I wasn’t sure what size to get. I ended up buying a medium for my dog and it fit well. He is a chihuahua & Jack Russell mix (body is more of a JR). He is about 19-21 pounds and pretty short. I like that it comes with a detachable strap that has a clip for a seatbelt and a carabiner that seems VERY secure. I think this was a good purchase!
', '', '2021-04-26 15:26:43'), ('R20Y8FFHLJEVUT','US', 'B07RS9KTDS', 'LBlume', '5.0', 'Great safety harness for my dog when he\^s in the car with me','Reviewed in the United States on November 26, 2019','1', '
  Easy to fit to my Goldendoodle.  Hugs his chest but doesn\^t constrict him too much.  Very pleased with this purchase.
', '', '2021-04-26 15:26:43'), ('R25BTISVH9CQ3Z','US', 'B07RS9KTDS', 'Heather R.', '5.0', 'Safety First','Reviewed in the United States on August 14, 2020','1', '
  Searched high and low for an option for our 95+ yellow lab.  Ended up purchasing the harness and zip line for our F-150 and it was a perfect solution.  We were able to secure him in the car while he still had room to move about and lay down comfortably.  While the zip line is not crash tested and gosh forbid, I did still feel safe knowing he was constrained to some extent - all the while comfortable to make our 6-8 hour car rides enjoyable and relaxing for everyone.', '', '2021-04-26 15:26:43'), ('R2ADYESKG2XO8P','US', 'B07RS9KTDS', 'Tricia O', '5.0', 'Love it!','Reviewed in the United States on October 7, 2020','3', '
  I got an XL just because of the reviews. Phoenix is a Catahoula/husky mix and is about 70lbs to give you a better idea. Super easy to put on him and with quite a bit of room to spare.
', 'https://images-na.ssl-images-amazon.com/images/I/71+yuIMOYaL._SY88.jpg https://images-na.ssl-images-amazon.com/images/I/713a73QuKhL._SY88.jpg', '2021-04-26 15:26:43'), ('R3S7U3VI6HAJF1','US', 'B07RS9KTDS', 'mo doyle', '4.0', 'Pet purchase perfect','Reviewed in the United States on March 26, 2020','4', '
  I wasn’t sure I like this until I stopped short in my car...then I realize why I bought it.  It works so well in the back seat...just remember to extend the length.  Easy hookup into the seat belt.  \U0001f44d\U0001f3fc\U0001f44d\U0001f3fc
', '', '2021-04-26 15:26:43')

,EndUpdateSql:
update TbIndexReviewSpiderTask set taskState='Success',SpiderTime='2021-04-26 15:26:44' where CASIN='B07RS9KTDS' and taskSite='US'
+++++++++++++++++++++++++++++++++++++++++++++++++++++++++++
2021-04-26 15:26:45,185 - c:\Users\NINGMEI\myprojectReview\requestPostIndexReview (optimal2).py[line:190] - ERROR: (2627, b"Violation of PRIMARY KEY constraint 'TbIndexReviewSpiderData_pk'. Cannot insert duplicate key in object 'dbo.TbIndexReviewSpiderData'. The duplicate key value is (RN38GBFY7N5O4).DB-Lib error message 20018, severity 14:\nGeneral SQL Server error: Check messages from the SQL Server\n")
,错误所在行数183
,Sql:
INSERT INTO TbIndexReviewSpiderData ([ReviewId],[Site],[Asin],[CustomName],[ReviewStars],[ReviewTitle],[ReviewDate],[HelpfulNum],[ReviewText],[ReviewMedia],[CreateTime]) VALUES ('RN38GBFY7N5O4','DE', 'B07PZ9HS7L', 'Miss Tarantula', '5.0', '\U0001f98c elegant, robust & ein Hingucker \U0001f98c (ausführliche Rezension)','Rezension aus Deutschland vom 6. Januar 2020','1', '
  ・ \u2022 ● Design ● \u2022 ・', 'https://images-na.ssl-images-amazon.com/images/I/61J5NanuOGL._SY88.jpg https://images-na.ssl-images-amazon.com/images/I/61vRLYdv2fL._SY88.jpg https://images-na.ssl-images-amazon.com/images/I/71H4drOGLHL._SY88.jpg https://images-na.ssl-images-amazon.com/images/I/71pjM6v-5ML._SY88.jpg', '2021-04-26 15:26:44'), ('RBXHQ3BIFYBB7','DE', 'B07PZ9HS7L', 'Theresa Reichl', '5.0', 'Super sch\xf6ne Vorhanghalter','Rezension aus Deutschland vom 16. M\xe4rz 2020','0', '
  Die Vorhanghalter sind super sch\xf6n und hochwertig....wie beschrieben, top!
', '', '2021-04-26 15:26:44'), ('R1P2ZYG948FH5C','DE', 'B07PZ9HS7L', 'Amazon Kunde', '5.0', 'Empfehlenswert','Rezension aus Deutschland vom 2. Januar 2020','0', '
  Super Produkt und sieht sehr gut aus!
', '', '2021-04-26 15:26:44'), ('R12TP49WLJVOC7','DE', 'B07PZ9HS7L', 'Nicole', '5.0', 'Ein Muss für Pferde verrückte','Rezension aus Deutschland vom 10. November 2019','0', '
  Wirklich tolle Raffhalter. H\xe4tte bei diesem Preis nicht damit gerechnet das sie so super aussehen. Werde mir direkt noch 2 paar für mein Pferdezimmer bestellen.', 'https://images-na.ssl-images-amazon.com/images/I/51VGQA8Yf1L._SY88.jpg https://images-na.ssl-images-amazon.com/images/I/61vBf0h86HL._SY88.jpg https://images-na.ssl-images-amazon.com/images/I/81x2s52nz6L._SY88.jpg', '2021-04-26 15:26:44')

,EndUpdateSql:
update TbIndexReviewSpiderTask set taskState='Success',SpiderTime='2021-04-26 15:26:45' where CASIN='B07PZ9HS7L' and taskSite='DE'
+++++++++++++++++++++++++++++++++++++++++++++++++++++++++++
2021-04-26 15:26:46,563 - c:\Users\NINGMEI\myprojectReview\requestPostIndexReview (optimal2).py[line:190] - ERROR: (2627, b"Violation of PRIMARY KEY constraint 'TbIndexReviewSpiderData_pk'. Cannot insert duplicate key in object 'dbo.TbIndexReviewSpiderData'. The duplicate key value is (R2FN540HA704UT).DB-Lib error message 20018, severity 14:\nGeneral SQL Server error: Check messages from the SQL Server\n")
,错误所在行数183
,Sql:
INSERT INTO TbIndexReviewSpiderData ([ReviewId],[Site],[Asin],[CustomName],[ReviewStars],[ReviewTitle],[ReviewDate],[HelpfulNum],[ReviewText],[ReviewMedia],[CreateTime]) VALUES ('R2FN540HA704UT','US', 'B07RSPF14T', 'Daryll Kay Halverson', '3.0', 'If you do not use it while you are walk or on a bus  it is not the best product for you.','Reviewed in the United States on February 3, 2020','0', '
  It dose not lat flat on a table or desk  or simple saying it , it is hard to use on  a table as it rock too much.
', '', '2021-04-26 15:26:45')

,EndUpdateSql:
update TbIndexReviewSpiderTask set taskState='Success',SpiderTime='2021-04-26 15:26:46' where CASIN='B07RSPF14T' and taskSite='US'
+++++++++++++++++++++++++++++++++++++++++++++++++++++++++++
2021-04-26 15:26:46,573 - c:\Users\NINGMEI\myprojectReview\requestPostIndexReview (optimal2).py[line:190] - ERROR: (2627, b"Violation of PRIMARY KEY constraint 'TbIndexReviewSpiderData_pk'. Cannot insert duplicate key in object 'dbo.TbIndexReviewSpiderData'. The duplicate key value is (RN38GBFY7N5O4).DB-Lib error message 20018, severity 14:\nGeneral SQL Server error: Check messages from the SQL Server\n")
,错误所在行数183
,Sql:
INSERT INTO TbIndexReviewSpiderData ([ReviewId],[Site],[Asin],[CustomName],[ReviewStars],[ReviewTitle],[ReviewDate],[HelpfulNum],[ReviewText],[ReviewMedia],[CreateTime]) VALUES ('RN38GBFY7N5O4','DE', 'B07PZ9JZNQ', 'Miss Tarantula', '5.0', '\U0001f98c elegant, robust & ein Hingucker \U0001f98c (ausführliche Rezension)','Rezension aus Deutschland vom 6. Januar 2020','1', '
  ・ \u2022 ● Design ● \u2022 ・', 'https://images-na.ssl-images-amazon.com/images/I/61J5NanuOGL._SY88.jpg https://images-na.ssl-images-amazon.com/images/I/61vRLYdv2fL._SY88.jpg https://images-na.ssl-images-amazon.com/images/I/71H4drOGLHL._SY88.jpg https://images-na.ssl-images-amazon.com/images/I/71pjM6v-5ML._SY88.jpg', '2021-04-26 15:26:45'), ('RBXHQ3BIFYBB7','DE', 'B07PZ9JZNQ', 'Theresa Reichl', '5.0', 'Super sch\xf6ne Vorhanghalter','Rezension aus Deutschland vom 16. M\xe4rz 2020','0', '
  Die Vorhanghalter sind super sch\xf6n und hochwertig....wie beschrieben, top!
', '', '2021-04-26 15:26:45'), ('R1P2ZYG948FH5C','DE', 'B07PZ9JZNQ', 'Amazon Kunde', '5.0', 'Empfehlenswert','Rezension aus Deutschland vom 2. Januar 2020','0', '
  Super Produkt und sieht sehr gut aus!
', '', '2021-04-26 15:26:45'), ('R12TP49WLJVOC7','DE', 'B07PZ9JZNQ', 'Nicole', '5.0', 'Ein Muss für Pferde verrückte','Rezension aus Deutschland vom 10. November 2019','0', '
  Wirklich tolle Raffhalter. H\xe4tte bei diesem Preis nicht damit gerechnet das sie so super aussehen. Werde mir direkt noch 2 paar für mein Pferdezimmer bestellen.', 'https://images-na.ssl-images-amazon.com/images/I/51VGQA8Yf1L._SY88.jpg https://images-na.ssl-images-amazon.com/images/I/61vBf0h86HL._SY88.jpg https://images-na.ssl-images-amazon.com/images/I/81x2s52nz6L._SY88.jpg', '2021-04-26 15:26:45')

,EndUpdateSql:
update TbIndexReviewSpiderTask set taskState='Success',SpiderTime='2021-04-26 15:26:46' where CASIN='B07PZ9JZNQ' and taskSite='DE'
+++++++++++++++++++++++++++++++++++++++++++++++++++++++++++
2021-04-26 15:26:47,725 - c:\Users\NINGMEI\myprojectReview\requestPostIndexReview (optimal2).py[line:190] - ERROR: (2627, b"Violation of PRIMARY KEY constraint 'TbIndexReviewSpiderData_pk'. Cannot insert duplicate key in object 'dbo.TbIndexReviewSpiderData'. The duplicate key value is (RN38GBFY7N5O4).DB-Lib error message 20018, severity 14:\nGeneral SQL Server error: Check messages from the SQL Server\n")
,错误所在行数183
,Sql:
INSERT INTO TbIndexReviewSpiderData ([ReviewId],[Site],[Asin],[CustomName],[ReviewStars],[ReviewTitle],[ReviewDate],[HelpfulNum],[ReviewText],[ReviewMedia],[CreateTime]) VALUES ('RN38GBFY7N5O4','DE', 'B07PZ9KB17', 'Miss Tarantula', '5.0', '\U0001f98c elegant, robust & ein Hingucker \U0001f98c (ausführliche Rezension)','Rezension aus Deutschland vom 6. Januar 2020','1', '
  ・ \u2022 ● Design ● \u2022 ・', 'https://images-na.ssl-images-amazon.com/images/I/61J5NanuOGL._SY88.jpg https://images-na.ssl-images-amazon.com/images/I/61vRLYdv2fL._SY88.jpg https://images-na.ssl-images-amazon.com/images/I/71H4drOGLHL._SY88.jpg https://images-na.ssl-images-amazon.com/images/I/71pjM6v-5ML._SY88.jpg', '2021-04-26 15:26:46'), ('RBXHQ3BIFYBB7','DE', 'B07PZ9KB17', 'Theresa Reichl', '5.0', 'Super sch\xf6ne Vorhanghalter','Rezension aus Deutschland vom 16. M\xe4rz 2020','0', '
  Die Vorhanghalter sind super sch\xf6n und hochwertig....wie beschrieben, top!
', '', '2021-04-26 15:26:46'), ('R1P2ZYG948FH5C','DE', 'B07PZ9KB17', 'Amazon Kunde', '5.0', 'Empfehlenswert','Rezension aus Deutschland vom 2. Januar 2020','0', '
  Super Produkt und sieht sehr gut aus!
', '', '2021-04-26 15:26:46'), ('R12TP49WLJVOC7','DE', 'B07PZ9KB17', 'Nicole', '5.0', 'Ein Muss für Pferde verrückte','Rezension aus Deutschland vom 10. November 2019','0', '
  Wirklich tolle Raffhalter. H\xe4tte bei diesem Preis nicht damit gerechnet das sie so super aussehen. Werde mir direkt noch 2 paar für mein Pferdezimmer bestellen.', 'https://images-na.ssl-images-amazon.com/images/I/51VGQA8Yf1L._SY88.jpg https://images-na.ssl-images-amazon.com/images/I/61vBf0h86HL._SY88.jpg https://images-na.ssl-images-amazon.com/images/I/81x2s52nz6L._SY88.jpg', '2021-04-26 15:26:46')

,EndUpdateSql:
update TbIndexReviewSpiderTask set taskState='Success',SpiderTime='2021-04-26 15:26:47' where CASIN='B07PZ9KB17' and taskSite='DE'
+++++++++++++++++++++++++++++++++++++++++++++++++++++++++++
2021-04-26 15:26:49,000 - c:\Users\NINGMEI\myprojectReview\requestPostIndexReview (optimal2).py[line:190] - ERROR: (2627, b"Violation of PRIMARY KEY constraint 'TbIndexReviewSpiderData_pk'. Cannot insert duplicate key in object 'dbo.TbIndexReviewSpiderData'. The duplicate key value is (R1F92W917VP2LE).DB-Lib error message 20018, severity 14:\nGeneral SQL Server error: Check messages from the SQL Server\n")
,错误所在行数183
,Sql:
INSERT INTO TbIndexReviewSpiderData ([ReviewId],[Site],[Asin],[CustomName],[ReviewStars],[ReviewTitle],[ReviewDate],[HelpfulNum],[ReviewText],[ReviewMedia],[CreateTime]) VALUES ('R1F92W917VP2LE','US', 'B07RSTK74J', 'JW', '5.0', 'Will buy again if little one likes it','Reviewed in the United States on April 4, 2018','1', '
  We starting to introduce this to our boy. He just started grabbing things and this fits his hands perfectly. Small and light weight enough where if he was to get attached we won’t mind putting this in the crib with him.
', 'https://images-na.ssl-images-amazon.com/images/I/71GEW1177CL._SY88.jpg', '2021-04-26 15:26:47'), ('R3R8AFFG7208PN','US', 'B07RSTK74J', 'Tyler Geaney', '5.0', 'Doesn’t toss this out of the crib! Yay!','Reviewed in the United States on May 22, 2020','1', '
  My daughter (11 months) sleeps with a pacifier. She has developed a habit of throwing her pacifiers out of the crib when she wakes up at night then crying when there are no more pacifiers left. We tried buying a mesh bumper, but she tossed them over that. We finally received these two nights ago and both nights they have remained in the crib throughout the entire night! All her loose pacifiers are on the floor in the morning, but the two pacifiers attaches to animals remained in her crib! No more waking up at 3am to throw her 8 pacifiers back into her crib. My husband and I are so happy to be back to a full night of uninterrupted sleep!
', 'https://images-na.ssl-images-amazon.com/images/I/61bzBxf9MiL._SY88.jpg', '2021-04-26 15:26:47'), ('R140N8PPNE2B69','US', 'B07RSTK74J', 'T. Martinez', '5.0', 'Great product- well made','Reviewed in the United States on September 12, 2018','8', '
  Love this- the only thing is it doesn’t work with regular soothie pacifiers without cutting a hole but luckily it comes with one and it works great! My baby did not like pacifiers until I got this addition \u263a\ufe0f
', '', '2021-04-26 15:26:47'), ('R1CZXVCGED2ENC','US', 'B07RSTK74J', 'Ben Williams', '4.0', 'Great buy','Reviewed in the United States on July 24, 2018','1', '
  I bought this because my daughter kept biting holes , ripping off the nipples of the wubbanubs and they are expensive. I really like how this has an option to take off the pacifier to wash the stuffy and to clean the paci. But I wish it didn’t have a rattle inside and also there were replacement pacifiers for purchase
', '', '2021-04-26 15:26:47'), ('R2S3JLPOFKFQZF','US', 'B07RSTK74J', 'Laura Gwyn', '5.0', 'Very cute!!','Reviewed in the United States on March 15, 2019','3', '
  Got this as a gift for a baby shower.  Very cute and came with binky!
', '', '2021-04-26 15:26:47'), ('R1XPW7WP9JWGSB','US', 'B07RSTK74J', 'ChicShopr', '5.0', 'Adorable!','Reviewed in the United States on July 14, 2018','3', '
  Very soft and adorable...once the baby has moved on from a pacifier, you can cut off that attachment. The pacifier itself can be removed to clean or use alone.
', '', '2021-04-26 15:26:47'), ('R2VSWRVS2BEJE0','US', 'B07RSTK74J', 'Jordan', '5.0', 'Love these!!','Reviewed in the United States on October 30, 2018','5', '
  I originally bought a different brand with the paci attached and I just wasn\^t very happy with it after the nipple got a tear in it and there was no way to fix it or save the stuffed animal. I love these because you can use whatever paci your little one prefers. They are adorable and the quality is durable. I would definitely recommend this for your little one to have a snuggle and hold the paci.
', '', '2021-04-26 15:26:47'), ('R2ZK1B3WCPXNEH','US', 'B07RSTK74J', 'GCov', '5.0', 'A must have for babies!','Reviewed in the United States on January 12, 2019','7', '
  Loved it! I think it helped encourage my son to start trying to hold on to objects sooner. Now is his best buddy! Best part is if it falls the pacifier rarely will land on the nipple so it can stay cleaner..
', '', '2021-04-26 15:26:47')

,EndUpdateSql:
update TbIndexReviewSpiderTask set taskState='Success',SpiderTime='2021-04-26 15:26:48' where CASIN='B07RSTK74J' and taskSite='US'
+++++++++++++++++++++++++++++++++++++++++++++++++++++++++++
2021-04-26 15:26:50,535 - c:\Users\NINGMEI\myprojectReview\requestPostIndexReview (optimal2).py[line:190] - ERROR: (2627, b"Violation of PRIMARY KEY constraint 'TbIndexReviewSpiderData_pk'. Cannot insert duplicate key in object 'dbo.TbIndexReviewSpiderData'. The duplicate key value is (R1F92W917VP2LE).DB-Lib error message 20018, severity 14:\nGeneral SQL Server error: Check messages from the SQL Server\n")
,错误所在行数183
,Sql:
INSERT INTO TbIndexReviewSpiderData ([ReviewId],[Site],[Asin],[CustomName],[ReviewStars],[ReviewTitle],[ReviewDate],[HelpfulNum],[ReviewText],[ReviewMedia],[CreateTime]) VALUES ('R1F92W917VP2LE','US', 'B07RSTPMYL', 'JW', '5.0', 'Will buy again if little one likes it','Reviewed in the United States on April 4, 2018','1', '
  We starting to introduce this to our boy. He just started grabbing things and this fits his hands perfectly. Small and light weight enough where if he was to get attached we won’t mind putting this in the crib with him.
', 'https://images-na.ssl-images-amazon.com/images/I/71GEW1177CL._SY88.jpg', '2021-04-26 15:26:49'), ('R3R8AFFG7208PN','US', 'B07RSTPMYL', 'Tyler Geaney', '5.0', 'Doesn’t toss this out of the crib! Yay!','Reviewed in the United States on May 22, 2020','1', '
  My daughter (11 months) sleeps with a pacifier. She has developed a habit of throwing her pacifiers out of the crib when she wakes up at night then crying when there are no more pacifiers left. We tried buying a mesh bumper, but she tossed them over that. We finally received these two nights ago and both nights they have remained in the crib throughout the entire night! All her loose pacifiers are on the floor in the morning, but the two pacifiers attaches to animals remained in her crib! No more waking up at 3am to throw her 8 pacifiers back into her crib. My husband and I are so happy to be back to a full night of uninterrupted sleep!
', 'https://images-na.ssl-images-amazon.com/images/I/61bzBxf9MiL._SY88.jpg', '2021-04-26 15:26:49'), ('R140N8PPNE2B69','US', 'B07RSTPMYL', 'T. Martinez', '5.0', 'Great product- well made','Reviewed in the United States on September 12, 2018','8', '
  Love this- the only thing is it doesn’t work with regular soothie pacifiers without cutting a hole but luckily it comes with one and it works great! My baby did not like pacifiers until I got this addition \u263a\ufe0f
', '', '2021-04-26 15:26:49'), ('R1CZXVCGED2ENC','US', 'B07RSTPMYL', 'Ben Williams', '4.0', 'Great buy','Reviewed in the United States on July 24, 2018','1', '
  I bought this because my daughter kept biting holes , ripping off the nipples of the wubbanubs and they are expensive. I really like how this has an option to take off the pacifier to wash the stuffy and to clean the paci. But I wish it didn’t have a rattle inside and also there were replacement pacifiers for purchase
', '', '2021-04-26 15:26:49'), ('R2S3JLPOFKFQZF','US', 'B07RSTPMYL', 'Laura Gwyn', '5.0', 'Very cute!!','Reviewed in the United States on March 15, 2019','3', '
  Got this as a gift for a baby shower.  Very cute and came with binky!
', '', '2021-04-26 15:26:49'), ('R1XPW7WP9JWGSB','US', 'B07RSTPMYL', 'ChicShopr', '5.0', 'Adorable!','Reviewed in the United States on July 14, 2018','3', '
  Very soft and adorable...once the baby has moved on from a pacifier, you can cut off that attachment. The pacifier itself can be removed to clean or use alone.
', '', '2021-04-26 15:26:49'), ('R2VSWRVS2BEJE0','US', 'B07RSTPMYL', 'Jordan', '5.0', 'Love these!!','Reviewed in the United States on October 30, 2018','5', '
  I originally bought a different brand with the paci attached and I just wasn\^t very happy with it after the nipple got a tear in it and there was no way to fix it or save the stuffed animal. I love these because you can use whatever paci your little one prefers. They are adorable and the quality is durable. I would definitely recommend this for your little one to have a snuggle and hold the paci.
', '', '2021-04-26 15:26:49'), ('R2ZK1B3WCPXNEH','US', 'B07RSTPMYL', 'GCov', '5.0', 'A must have for babies!','Reviewed in the United States on January 12, 2019','7', '
  Loved it! I think it helped encourage my son to start trying to hold on to objects sooner. Now is his best buddy! Best part is if it falls the pacifier rarely will land on the nipple so it can stay cleaner..
', '', '2021-04-26 15:26:49')

,EndUpdateSql:
update TbIndexReviewSpiderTask set taskState='Success',SpiderTime='2021-04-26 15:26:50' where CASIN='B07RSTPMYL' and taskSite='US'
+++++++++++++++++++++++++++++++++++++++++++++++++++++++++++
2021-04-26 15:26:55,962 - c:\Users\NINGMEI\myprojectReview\requestPostIndexReview (optimal2).py[line:190] - ERROR: (2627, b"Violation of PRIMARY KEY constraint 'TbIndexReviewSpiderData_pk'. Cannot insert duplicate key in object 'dbo.TbIndexReviewSpiderData'. The duplicate key value is (R5PI86EFQY4XQ).DB-Lib error message 20018, severity 14:\nGeneral SQL Server error: Check messages from the SQL Server\n")
,错误所在行数183
,Sql:
INSERT INTO TbIndexReviewSpiderData ([ReviewId],[Site],[Asin],[CustomName],[ReviewStars],[ReviewTitle],[ReviewDate],[HelpfulNum],[ReviewText],[ReviewMedia],[CreateTime]) VALUES ('R5PI86EFQY4XQ','DE', 'B07PZKNTCY', 'M', '5.0', 'Spitze für Kinder','Rezension aus Deutschland vom 25. Dezember 2019','0', '
  Hier darf man sich darauf verlassen das die Hülle selbst bei Treppenstürzen schützt . Empfehlenswert
', '', '2021-04-26 15:26:54'), ('R189MIHDGQ25A7','DE', 'B07PZKNTCY', 'Mr. Hans', '5.0', 'Happy kid','Rezension aus Deutschland vom 30. Mai 2020','0', '
  Less prone to damage. Great thing for kids.
', '', '2021-04-26 15:26:54'), ('R1C17LE4O9SI8D','DE', 'B07PZKNTCY', 'KleinEgi', '4.0', 'iPad mini 2','Rezension aus Deutschland vom 14. August 2019','0', '
  Sind sehr zufrieden mit dem Produkt. Passt super und man kann das Pad auch hinstellen.', '', '2021-04-26 15:26:54'), ('R36G1SQ7AT2POP','DE', 'B07PZKNTCY', 'Volles', '5.0', 'Perfekt für den Kindereinsatz.','Rezension aus Deutschland vom 12. Mai 2019','0', '
  Super Teil, genau richtig für Kinder. Stabil, schützt, transportabel mit Griff
', 'https://images-na.ssl-images-amazon.com/images/I/71ej-+AmsOL._SY88.jpg', '2021-04-26 15:26:54'), ('R11JSHLT4ZK7CZ','DE', 'B07PZKNTCY', 'Wolfgang Teipel', '5.0', 'Alles OK','Rezension aus Deutschland vom 1. August 2019','0', '
  Alles OK
', '', '2021-04-26 15:26:54'), ('R3UTVX1XY87HH9','DE', 'B07PZKNTCY', 'Peppigno', '5.0', 'Good','Rezension aus Deutschland vom 26. November 2019','0', '
  Unbreakable for kids, protect from falling
', '', '2021-04-26 15:26:54'), ('R326BPZSDZDZRI','DE', 'B07PZKNTCY', 'Amazon Kunde', '5.0', 'Super','Rezension aus Deutschland vom 29. Dezember 2019','0', '
  Super für kleine H\xe4nde! H\xe4lt jeden Sturz aus!
', '', '2021-04-26 15:26:54'), ('R3HA0GOL7D18ZC','DE', 'B07PZKNTCY', 'Amazon Kunde', '4.0', 'Stinkt leider','Rezension aus Deutschland vom 24. August 2019','0', '
  Ein Punkt angezogen für den Gestank der hülle
', '', '2021-04-26 15:26:54')

,EndUpdateSql:
update TbIndexReviewSpiderTask set taskState='Success',SpiderTime='2021-04-26 15:26:55' where CASIN='B07PZKNTCY' and taskSite='DE'
+++++++++++++++++++++++++++++++++++++++++++++++++++++++++++
2021-04-26 15:26:56,522 - c:\Users\NINGMEI\myprojectReview\requestPostIndexReview (optimal2).py[line:190] - ERROR: (2627, b"Violation of PRIMARY KEY constraint 'TbIndexReviewSpiderData_pk'. Cannot insert duplicate key in object 'dbo.TbIndexReviewSpiderData'. The duplicate key value is (R3JBFU4JZTANZ2).DB-Lib error message 20018, severity 14:\nGeneral SQL Server error: Check messages from the SQL Server\n")
,错误所在行数183
,Sql:
INSERT INTO TbIndexReviewSpiderData ([ReviewId],[Site],[Asin],[CustomName],[ReviewStars],[ReviewTitle],[ReviewDate],[HelpfulNum],[ReviewText],[ReviewMedia],[CreateTime]) VALUES ('R3JBFU4JZTANZ2','US', 'B07RT2RN22', 'carolyn', '5.0', 'Well worth it.','Reviewed in the United States on April 17, 2019','1', '
  I love it. It saves me a lot looks good as well.
', 'https://images-na.ssl-images-amazon.com/images/I/61qdNHC4DnL._SY88.jpg https://images-na.ssl-images-amazon.com/images/I/71LLYhE5lQL._SY88.jpg', '2021-04-26 15:26:55'), ('R9PH8LECCY83S','US', 'B07RT2RN22', 'Amazon Customer', '5.0', 'This is my fault.','Reviewed in the United States on May 20, 2019','1', '
  There was nothing wrong with the product. It was very nice. But I chose the wrong size. Since I bought the paper write in 2019 I figured that meant it’s a”release was 2019” . It was totally my fault . Thank you for your concern. But you did nothing wrong.
', '', '2021-04-26 15:26:55'), ('R3JS3YEK6DXA5M','US', 'B07RT2RN22', 'Kodai', '5.0', 'Great value!','Reviewed in the United States on August 1, 2020','5', '
  The Kindle (10th gen) fits perfectly. Just snaps into it and is secure. The magnetic cover turn the Kindle on when open and off when closed. The top folds all the way back to make it easier to hold.', '', '2021-04-26 15:26:55'), ('R1RG5E76IZB46V','US', 'B07RT2RN22', 'Tropicfive', '5.0', 'Shame on Amazon - new Kindle was 2018 version','Reviewed in the United States on February 25, 2020','4', '
  This seller has done all they can do to make sure the buyer purchases the correct cover. However, shame on Amazon for selling 2018 version Kindle Paperwhites in what is almost March 2020!!', '', '2021-04-26 15:26:55'), ('R1CE712P05D4DY','US', 'B07RT2RN22', 'JP Folkes', '4.0', 'No Frills, Fits Fine','Reviewed in the United States on June 13, 2020','2', '
  Got this case for a new edition Kindle that we bought for my father. At 97 he still loves to read, but tends to be a little hard on things as he sometimes drops them or puts them down too hard. The Moku case fits his new Kindle well and seems to be able to provide reasonable protection for the Kindle. Luckily we haven\^t tested that yet, but it seems put together well enough to protect the Kindle.', '', '2021-04-26 15:26:55'), ('R26UWCSCUBNB47','US', 'B07RT2RN22', 'Knittermum', '5.0', 'Works as expected','Reviewed in the United States on April 18, 2019','7', '
  It\^s a nice, well-fitting cover for the 2019 10th Generation Kindle. Happy with the purchase. The cover has enough texture to help hold the kindle comfortably.
', '', '2021-04-26 15:26:55'), ('RC35APH7N02P4','US', 'B07RT2RN22', 'Terry Poulin', '5.0', 'Just right for the Kindle 10','Reviewed in the United States on December 6, 2020','0', '
  While I love how thin and light the Kindle has become, I often find myself reading in bed and wishing for a more comfortable grip. This case adds just the right amount of heft to it, and let’s me keep a good grip on the Kindle. Much less concern it’ll slip and whack me between the eyes, and far more comfortable to hold. Protection is comprehensive enough that I’ll never worry unless I drop it in a lava pit. For me the book light cover making it easy to hold, and the grippier backside are the draw more than scratch and drop protection.', '', '2021-04-26 15:26:55'), ('R1WZ5ZDOLKUB6','US', 'B07RT2RN22', 'Jessica', '5.0', 'Love it','Reviewed in the United States on January 21, 2020','2', '
  Love it! Was really hesitant to buy based on reviews, but it turned out great for me! Fits kindle perfectly, nice hard material, really nice pattern. My one note is my dad also bought the same case in black, and you could tell the quality wasn’t the same, it also is a little smaller and didn’t cover the screen entirely. So guess this product is hit or', '', '2021-04-26 15:26:55')

,EndUpdateSql:
update TbIndexReviewSpiderTask set taskState='Success',SpiderTime='2021-04-26 15:26:56' where CASIN='B07RT2RN22' and taskSite='US'
+++++++++++++++++++++++++++++++++++++++++++++++++++++++++++
2021-04-26 15:27:00,258 - c:\Users\NINGMEI\myprojectReview\requestPostIndexReview (optimal2).py[line:190] - ERROR: (2627, b"Violation of PRIMARY KEY constraint 'TbIndexReviewSpiderData_pk'. Cannot insert duplicate key in object 'dbo.TbIndexReviewSpiderData'. The duplicate key value is (R5PI86EFQY4XQ).DB-Lib error message 20018, severity 14:\nGeneral SQL Server error: Check messages from the SQL Server\n")
,错误所在行数183
,Sql:
INSERT INTO TbIndexReviewSpiderData ([ReviewId],[Site],[Asin],[CustomName],[ReviewStars],[ReviewTitle],[ReviewDate],[HelpfulNum],[ReviewText],[ReviewMedia],[CreateTime]) VALUES ('R5PI86EFQY4XQ','DE', 'B07PZL44GC', 'M', '5.0', 'Spitze für Kinder','Rezension aus Deutschland vom 25. Dezember 2019','0', '
  Hier darf man sich darauf verlassen das die Hülle selbst bei Treppenstürzen schützt . Empfehlenswert
', '', '2021-04-26 15:26:59'), ('R189MIHDGQ25A7','DE', 'B07PZL44GC', 'Mr. Hans', '5.0', 'Happy kid','Rezension aus Deutschland vom 30. Mai 2020','0', '
  Less prone to damage. Great thing for kids.
', '', '2021-04-26 15:26:59'), ('R1C17LE4O9SI8D','DE', 'B07PZL44GC', 'KleinEgi', '4.0', 'iPad mini 2','Rezension aus Deutschland vom 14. August 2019','0', '
  Sind sehr zufrieden mit dem Produkt. Passt super und man kann das Pad auch hinstellen.', '', '2021-04-26 15:26:59'), ('R36G1SQ7AT2POP','DE', 'B07PZL44GC', 'Volles', '5.0', 'Perfekt für den Kindereinsatz.','Rezension aus Deutschland vom 12. Mai 2019','0', '
  Super Teil, genau richtig für Kinder. Stabil, schützt, transportabel mit Griff
', 'https://images-na.ssl-images-amazon.com/images/I/71ej-+AmsOL._SY88.jpg', '2021-04-26 15:26:59'), ('R11JSHLT4ZK7CZ','DE', 'B07PZL44GC', 'Wolfgang Teipel', '5.0', 'Alles OK','Rezension aus Deutschland vom 1. August 2019','0', '
  Alles OK
', '', '2021-04-26 15:26:59'), ('R3UTVX1XY87HH9','DE', 'B07PZL44GC', 'Peppigno', '5.0', 'Good','Rezension aus Deutschland vom 26. November 2019','0', '
  Unbreakable for kids, protect from falling
', '', '2021-04-26 15:26:59'), ('R326BPZSDZDZRI','DE', 'B07PZL44GC', 'Amazon Kunde', '5.0', 'Super','Rezension aus Deutschland vom 29. Dezember 2019','0', '
  Super für kleine H\xe4nde! H\xe4lt jeden Sturz aus!
', '', '2021-04-26 15:26:59'), ('R3HA0GOL7D18ZC','DE', 'B07PZL44GC', 'Amazon Kunde', '4.0', 'Stinkt leider','Rezension aus Deutschland vom 24. August 2019','0', '
  Ein Punkt angezogen für den Gestank der hülle
', '', '2021-04-26 15:26:59')

,EndUpdateSql:
update TbIndexReviewSpiderTask set taskState='Success',SpiderTime='2021-04-26 15:27:00' where CASIN='B07PZL44GC' and taskSite='DE'
+++++++++++++++++++++++++++++++++++++++++++++++++++++++++++
2021-04-26 15:27:02,999 - c:\Users\NINGMEI\myprojectReview\requestPostIndexReview (optimal2).py[line:190] - ERROR: (2627, b"Violation of PRIMARY KEY constraint 'TbIndexReviewSpiderData_pk'. Cannot insert duplicate key in object 'dbo.TbIndexReviewSpiderData'. The duplicate key value is (R3LQ8YAN2FIGB).DB-Lib error message 20018, severity 14:\nGeneral SQL Server error: Check messages from the SQL Server\n")
,错误所在行数183
,Sql:
INSERT INTO TbIndexReviewSpiderData ([ReviewId],[Site],[Asin],[CustomName],[ReviewStars],[ReviewTitle],[ReviewDate],[HelpfulNum],[ReviewText],[ReviewMedia],[CreateTime]) VALUES ('R3LQ8YAN2FIGB','US', 'B076SLJ9JC', 'Ebha', '5.0', 'Second One and still love it!','Reviewed in the United States on April 13, 2019','9', '
  I am extremely happy with this stylus. I purchased one from this vendor about a year ago and loved it. My fiance just got his first smart phone and hijacked my stylus, LOL... So I had to buy another. The new one is just as good as the original one I bought. The stylus is very comfortable, well balanced, accurate and sleek looking. It charges quickly and the charge lasts for many days, depending on how often I use it.  I definitely recommend.
', '', '2021-04-26 15:27:01'), ('R11YGG6MRR98F','US', 'B076SLJ9JC', 'Adam', '5.0', 'and this stylus is more accurate than the Adonit and as accurate as Pencil 53 but feels like a pen (which is a major plus)','Reviewed in the United States on October 30, 2017','1', '
  I\^ve tried most of the Adonit stylus\^ and the Pencil 53 one; and this stylus is more accurate than the Adonit and as accurate as Pencil 53 but feels like a pen (which is a major plus).  Notwithstanding the Apple pencil and Surface Pro pen (as those were made with and for the Ipad Pro and Surface Pro) this is the best stylus I\^ve used for a tablet (I had the Ipad 2 and now have an Ipad Air 2.  You can\^t really do better than this stylus unless you\^re going to shell out $800+ for the Ipad Pro/Pencil or the Surface Pro 3/4.
', '', '2021-04-26 15:27:01'), ('RTGF0JWWVRVQ','US', 'B076SLJ9JC', 'Sean Kelly', '1.0', 'Been looking for the perfect stylus for quite some time','Reviewed in the United States on November 10, 2017','9', '
  Been looking for the perfect stylus for quite some time. I do a lot of note taking on my iPad and thought I would give an active stylus a try. If it worked I could deal with the constant taping of the metal tip on my glass screen. Although distracting if you like to take notes in a meeting. Regardless, the lag is painful and if you like to write with any speed don’t expect it to be legible. I guess I’ll go back to replacing my nibs every month.
', '', '2021-04-26 15:27:01'), ('R30XTTHHBAGG43','US', 'B076SLJ9JC', 'Matt', '3.0', 'A good stylus pen, but...','Reviewed in the United States on February 20, 2021','0', '
  I received my stylus a day ago and I as pretty excited to use it. I use an iPhone 12 Pro Max with a glass screen protector, so I kind of figured it might be a but \^tricky\^ to use. I opened Procreate and tried drawing with it, but the lines were wavy and not straight as I hoped. I opened a few more drawing apps and they all had wavy lines with this pen. I took off the screen protector, hoping that it would work.', '', '2021-04-26 15:27:01'), ('R244CXGT02JEH9','US', 'B076SLJ9JC', 'Jungle Druid', '3.0', 'Minor Tracking Issue On Glass Screen Protector','Reviewed in the United States on April 18, 2018','1', '
  The design is excellent, 5 stars for design.', '', '2021-04-26 15:27:01'), ('R1AXMG73TNFGJQ','US', 'B076SLJ9JC', 'wanyxie', '3.0', 'it\^s an average stylus pen, the tip did not ...','Reviewed in the United States on June 4, 2018','0', '
  it\^s an average stylus pen, the tip did not run very smooth, especially when I write fastly. The delivery took forever to come, and during the waiting time, I have to buy another stylus pen. If you have a glass screen protector, this pen did not fit, but you can try to change matte screen protector helps a little bit.
', '', '2021-04-26 15:27:01'), ('R1V5O0T2XANE4S','US', 'B076SLJ9JC', 'Dovah Kinbok', '4.0', 'Great pen, 4 out of 5 * only because ...','Reviewed in the United States on March 9, 2018','0', '
  Great pen, 4 out of 5 * only because it doesnt work well with thinker screen protectors and otter box too well and at times it wont register but it works more then not so there isnt really a bad side, another issue I have is that it cannot tell if it is in use so the power can shut off at random, probably timed but I\^m not sure, would be better if it knew if it was in use so it doesnt shutdown while in the middle of a project
', '', '2021-04-26 15:27:01'), ('R73CHEVBCZN4J','US', 'B076SLJ9JC', 'Ebha', '5.0', 'Easy to use no hand/wrist contortions required','Reviewed in the United States on July 22, 2018','0', '
  I just love this stylus. It can be held like a normal ink pen and is pretty accurate as long as the screen is set proper. Both work together so if screen is not set for a high sensitivity the stylus will not work properly. This one holds a charge for a long time too.
', '', '2021-04-26 15:27:01')

,EndUpdateSql:
update TbIndexReviewSpiderTask set taskState='Success',SpiderTime='2021-04-26 15:27:02' where CASIN='B076SLJ9JC' and taskSite='US'
+++++++++++++++++++++++++++++++++++++++++++++++++++++++++++
2021-04-26 15:27:07,660 - c:\Users\NINGMEI\myprojectReview\requestPostIndexReview (optimal2).py[line:190] - ERROR: (2627, b"Violation of PRIMARY KEY constraint 'TbIndexReviewSpiderData_pk'. Cannot insert duplicate key in object 'dbo.TbIndexReviewSpiderData'. The duplicate key value is (RN38GBFY7N5O4).DB-Lib error message 20018, severity 14:\nGeneral SQL Server error: Check messages from the SQL Server\n")
,错误所在行数183
,Sql:
INSERT INTO TbIndexReviewSpiderData ([ReviewId],[Site],[Asin],[CustomName],[ReviewStars],[ReviewTitle],[ReviewDate],[HelpfulNum],[ReviewText],[ReviewMedia],[CreateTime]) VALUES ('RN38GBFY7N5O4','DE', 'B07Q1FD165', 'Miss Tarantula', '5.0', '\U0001f98c elegant, robust & ein Hingucker \U0001f98c (ausführliche Rezension)','Rezension aus Deutschland vom 6. Januar 2020','1', '
  ・ \u2022 ● Design ● \u2022 ・', 'https://images-na.ssl-images-amazon.com/images/I/61J5NanuOGL._SY88.jpg https://images-na.ssl-images-amazon.com/images/I/61vRLYdv2fL._SY88.jpg https://images-na.ssl-images-amazon.com/images/I/71H4drOGLHL._SY88.jpg https://images-na.ssl-images-amazon.com/images/I/71pjM6v-5ML._SY88.jpg', '2021-04-26 15:27:06'), ('RBXHQ3BIFYBB7','DE', 'B07Q1FD165', 'Theresa Reichl', '5.0', 'Super sch\xf6ne Vorhanghalter','Rezension aus Deutschland vom 16. M\xe4rz 2020','0', '
  Die Vorhanghalter sind super sch\xf6n und hochwertig....wie beschrieben, top!
', '', '2021-04-26 15:27:06'), ('R1P2ZYG948FH5C','DE', 'B07Q1FD165', 'Amazon Kunde', '5.0', 'Empfehlenswert','Rezension aus Deutschland vom 2. Januar 2020','0', '
  Super Produkt und sieht sehr gut aus!
', '', '2021-04-26 15:27:06'), ('R12TP49WLJVOC7','DE', 'B07Q1FD165', 'Nicole', '5.0', 'Ein Muss für Pferde verrückte','Rezension aus Deutschland vom 10. November 2019','0', '
  Wirklich tolle Raffhalter. H\xe4tte bei diesem Preis nicht damit gerechnet das sie so super aussehen. Werde mir direkt noch 2 paar für mein Pferdezimmer bestellen.', 'https://images-na.ssl-images-amazon.com/images/I/51VGQA8Yf1L._SY88.jpg https://images-na.ssl-images-amazon.com/images/I/61vBf0h86HL._SY88.jpg https://images-na.ssl-images-amazon.com/images/I/81x2s52nz6L._SY88.jpg', '2021-04-26 15:27:06')

,EndUpdateSql:
update TbIndexReviewSpiderTask set taskState='Success',SpiderTime='2021-04-26 15:27:07' where CASIN='B07Q1FD165' and taskSite='DE'
+++++++++++++++++++++++++++++++++++++++++++++++++++++++++++
2021-04-26 15:27:18,361 - c:\Users\NINGMEI\myprojectReview\requestPostIndexReview (optimal2).py[line:190] - ERROR: (1205, b'Transaction (Process ID 192) was deadlocked on lock resources with another process and has been chosen as the deadlock victim. Rerun the transaction.DB-Lib error message 20018, severity 13:\nGeneral SQL Server error: Check messages from the SQL Server\n')
,错误所在行数177
,Sql:


,EndUpdateSql:
update TbIndexReviewSpiderTask set taskState='Success',SpiderTime='2021-04-26 15:27:13' where CASIN='B07Q1PGFW7' and taskSite='DE'
+++++++++++++++++++++++++++++++++++++++++++++++++++++++++++
